--------------------Moonraker Log Start--------------------
data_path: /home/pi/printer_data
is_default_data_path: False
config_file: /home/pi/printer_data/config/moonraker.conf
startup_warnings: []
verbose: False
debug: False
asyncio_debug: False
is_backup_config: False
is_python_package: True
log_file: /home/pi/printer_data/logs/moonraker.log
software_version: v0.8.0-41-g348b7f5
python_version: 3.9.2 (default, Feb 28 2021, 17:03:44)  [GCC 10.2.1 20210110]

#################### Moonraker Configuration ####################

[server]
host = 0.0.0.0
port = 7125
max_upload_size = 1024
klippy_uds_address = ~/printer_data/comms/klippy.sock

[file_manager]
enable_object_processing = True

[authorization]
cors_domains = 
	https://my.mainsail.xyz
	http://my.mainsail.xyz
	http://*.local
	http://*.lan
trusted_clients = 
	10.0.0.0/8
	127.0.0.0/8
	169.254.0.0/16
	172.16.0.0/12
	192.168.0.0/16
	FE80::/10
	::1/128

[octoprint_compat]

[history]

[announcements]
subscriptions = 
	mainsail

#################################################################
All Configuration Files:
/home/pi/printer_data/config/moonraker.conf
#################################################################
Unsafe Shutdown Count: 330

System Info:

***python***
  version: sys.version_info(major=3, minor=9, micro=2, releaselevel='final', serial=0)
  version_string: 3.9.2 (default, Feb 28 2021, 17:03:44)  [GCC 10.2.1 20210110]

***cpu_info***
  cpu_count: 4
  bits: 64bit
  processor: aarch64
  cpu_desc: 
  serial_number: 
  hardware_desc: 
  model: 
  total_memory: 1007732
  memory_units: kB

***sd_info***

***distribution***
  name: Debian GNU/Linux 11 (bullseye)
  id: debian
  version: 11
  version_parts: {'major': '11', 'minor': '', 'build_number': ''}
  like: 
  codename: bullseye
  release_info: {'name': 'MainsailOS', 'version_id': '1.2.1', 'codename': 'bullseye', 'id': 'mainsailos'}

***virtualization***
  virt_type: none
  virt_identifier: none

***network***

***canbus***

***Allowed Services***
  klipper_mcu
  webcamd
  MoonCord
  KlipperScreen
  moonraker-telegram-bot
  moonraker-obico
  sonar
  crowsnest
  octoeverywhere
  ratos-configurator

Systemd unit moonraker.service:
unit_name: moonraker.service
is_default: True
manager: systemd
Properties:
**Requires=['network-online.target', 'system.slice', 'sysinit.target']
**After=['systemd-journald.socket', 'basic.target', 'network-online.target', 'system.slice', 'klipper.service', 'sysinit.target']
**SupplementaryGroups=['moonraker-admin']
**EnvironmentFiles=/home/pi/printer_data/systemd/moonraker.env
**ExecStart=/home/pi/moonraker-env/bin/python $MOONRAKER_ARGS
**WorkingDirectory=
**FragmentPath=/etc/systemd/system/moonraker.service
**Description=API Server for Klipper SV1
**User=pi

Systemd unit klipper.service:
unit_name: klipper.service
is_default: True
manager: systemd
Properties:
**Requires=['-.mount', 'sysinit.target', 'system.slice']
**After=['-.mount', 'basic.target', 'network-online.target', 'system.slice', 'systemd-journald.socket', 'sysinit.target']
**SupplementaryGroups=[]
**EnvironmentFiles=/home/pi/printer_data/systemd/klipper.env
**ExecStart=/home/pi/klippy-env/bin/python $KLIPPER_ARGS
**WorkingDirectory=/home/pi/klipper
**FragmentPath=/etc/systemd/system/klipper.service
**Description=Klipper 3D Printer Firmware SV1
**User=pi
Klipper Version: v0.11.0-275-g8ef0f7d7e-dirty
2024-04-17 00:00:39,533 [klippy_connection.py:_on_connection_closed()] - Klippy Connection Removed
2024-04-17 00:00:39,608 [app.py:log_request()] - 404 GET /machine/device_power/devices (127.0.0.1) [No User] 5.02ms
2024-04-17 00:00:40,802 [klippy_connection.py:_do_connect()] - Klippy Connection Established
2024-04-17 00:00:42,528 [app.py:log_request()] - 404 GET /machine/device_power/devices (127.0.0.1) [No User] 4.67ms
2024-04-17 00:00:43,025 [file_manager.py:get_file_list()] - Updating File List <gcodes>...
2024-04-17 00:00:44,345 [klippy_connection.py:_request_initial_subscriptions()] - Webhooks Subscribed
2024-04-17 00:00:44,364 [klippy_connection.py:_request_initial_subscriptions()] - GCode Output Subscribed
2024-04-17 00:00:44,601 [job_state.py:_handle_started()] - Job state initialized: standby
2024-04-17 00:00:44,878 [klippy_connection.py:_check_ready()] - Klippy ready
2024-04-17 00:00:45,359 [data_store.py:_init_sensors()] - Configuring available sensors: ['heater_bed', 'temperature_fan pi', 'extruder']
2024-04-17 00:01:52,638 [klippy_connection.py:wait()] - Request 'gcode/script' pending: 60.00 seconds
2024-04-17 00:02:52,640 [klippy_connection.py:wait()] - Request 'gcode/script' pending: 120.00 seconds
2024-04-17 00:03:52,645 [klippy_connection.py:wait()] - Request 'gcode/script' pending: 180.01 seconds
2024-04-17 00:04:52,648 [klippy_connection.py:wait()] - Request 'gcode/script' pending: 240.01 seconds
2024-04-17 00:15:32,969 [klippy_connection.py:wait()] - Request 'gcode/script' pending: 60.00 seconds
2024-04-17 00:16:32,972 [klippy_connection.py:wait()] - Request 'gcode/script' pending: 120.00 seconds
2024-04-17 00:17:32,975 [klippy_connection.py:wait()] - Request 'gcode/script' pending: 180.01 seconds
2024-04-17 00:18:32,979 [klippy_connection.py:wait()] - Request 'gcode/script' pending: 240.01 seconds
2024-04-17 00:19:32,981 [klippy_connection.py:wait()] - Request 'gcode/script' pending: 300.01 seconds
2024-04-17 00:20:32,984 [klippy_connection.py:wait()] - Request 'gcode/script' pending: 360.02 seconds
2024-04-17 00:21:32,987 [klippy_connection.py:wait()] - Request 'gcode/script' pending: 420.02 seconds
2024-04-17 00:22:32,990 [klippy_connection.py:wait()] - Request 'gcode/script' pending: 480.02 seconds
2024-04-17 00:23:32,993 [klippy_connection.py:wait()] - Request 'gcode/script' pending: 540.03 seconds
2024-04-17 00:24:32,996 [klippy_connection.py:wait()] - Request 'gcode/script' pending: 600.03 seconds
2024-04-17 00:25:32,999 [klippy_connection.py:wait()] - Request 'gcode/script' pending: 660.03 seconds
2024-04-17 00:26:33,001 [klippy_connection.py:wait()] - Request 'gcode/script' pending: 720.03 seconds
2024-04-17 00:27:33,003 [klippy_connection.py:wait()] - Request 'gcode/script' pending: 780.04 seconds
2024-04-17 00:28:33,007 [klippy_connection.py:wait()] - Request 'gcode/script' pending: 840.04 seconds
2024-04-17 00:29:33,015 [klippy_connection.py:wait()] - Request 'gcode/script' pending: 900.05 seconds
2024-04-17 00:30:33,019 [klippy_connection.py:wait()] - Request 'gcode/script' pending: 960.05 seconds
2024-04-17 00:31:33,022 [klippy_connection.py:wait()] - Request 'gcode/script' pending: 1020.06 seconds
2024-04-17 00:32:33,025 [klippy_connection.py:wait()] - Request 'gcode/script' pending: 1080.06 seconds
2024-04-17 00:33:33,028 [klippy_connection.py:wait()] - Request 'gcode/script' pending: 1140.06 seconds
2024-04-17 00:34:33,030 [klippy_connection.py:wait()] - Request 'gcode/script' pending: 1200.06 seconds
2024-04-17 00:35:33,032 [klippy_connection.py:wait()] - Request 'gcode/script' pending: 1260.07 seconds
2024-04-17 00:36:33,034 [klippy_connection.py:wait()] - Request 'gcode/script' pending: 1320.07 seconds
2024-04-17 00:37:33,036 [klippy_connection.py:wait()] - Request 'gcode/script' pending: 1380.07 seconds
2024-04-17 00:38:33,039 [klippy_connection.py:wait()] - Request 'gcode/script' pending: 1440.07 seconds
2024-04-17 00:39:33,043 [klippy_connection.py:wait()] - Request 'gcode/script' pending: 1500.08 seconds
2024-04-17 00:40:33,045 [klippy_connection.py:wait()] - Request 'gcode/script' pending: 1560.08 seconds
2024-04-17 00:41:33,048 [klippy_connection.py:wait()] - Request 'gcode/script' pending: 1620.08 seconds
2024-04-17 00:42:33,051 [klippy_connection.py:wait()] - Request 'gcode/script' pending: 1680.08 seconds
2024-04-17 00:43:33,053 [klippy_connection.py:wait()] - Request 'gcode/script' pending: 1740.09 seconds
2024-04-17 00:44:33,055 [klippy_connection.py:wait()] - Request 'gcode/script' pending: 1800.09 seconds
2024-04-17 00:45:33,064 [klippy_connection.py:wait()] - Request 'gcode/script' pending: 1860.10 seconds
2024-04-17 00:46:33,067 [klippy_connection.py:wait()] - Request 'gcode/script' pending: 1920.10 seconds
2024-04-17 00:47:33,069 [klippy_connection.py:wait()] - Request 'gcode/script' pending: 1980.10 seconds
2024-04-17 00:48:33,071 [klippy_connection.py:wait()] - Request 'gcode/script' pending: 2040.10 seconds
2024-04-17 00:49:33,074 [klippy_connection.py:wait()] - Request 'gcode/script' pending: 2100.11 seconds
2024-04-17 00:50:33,076 [klippy_connection.py:wait()] - Request 'gcode/script' pending: 2160.11 seconds
2024-04-17 00:51:33,078 [klippy_connection.py:wait()] - Request 'gcode/script' pending: 2220.11 seconds
2024-04-17 01:04:28,433 [authorization.py:_prune_conn_handler()] - Trusted Connection Expired, IP: 127.0.0.1
2024-04-17 01:06:38,276 [klippy_connection.py:_on_connection_closed()] - Klippy Connection Removed
2024-04-17 01:06:38,330 [authorization.py:_check_trusted_connection()] - Trusted Connection Detected, IP: 127.0.0.1
2024-04-17 01:06:38,354 [app.py:log_request()] - 404 GET /machine/device_power/devices (127.0.0.1) [No User] 4.48ms
2024-04-17 01:06:39,544 [klippy_connection.py:_do_connect()] - Klippy Connection Established
2024-04-17 01:06:41,521 [app.py:log_request()] - 404 GET /machine/device_power/devices (127.0.0.1) [No User] 4.94ms
2024-04-17 01:06:42,043 [file_manager.py:get_file_list()] - Updating File List <gcodes>...
2024-04-17 01:06:43,151 [klippy_connection.py:_request_initial_subscriptions()] - Webhooks Subscribed
2024-04-17 01:06:43,155 [klippy_connection.py:_request_initial_subscriptions()] - GCode Output Subscribed
2024-04-17 01:06:43,405 [job_state.py:_handle_started()] - Job state initialized: standby
2024-04-17 01:06:43,690 [klippy_connection.py:_check_ready()] - Klippy ready
2024-04-17 01:06:44,181 [data_store.py:_init_sensors()] - Configuring available sensors: ['heater_bed', 'temperature_fan pi', 'extruder']
2024-04-17 01:18:33,633 [app.py:log_request()] - 201 POST /server/files/upload (192.168.4.70) [_TRUSTED_USER_] 37.93ms
2024-04-17 01:23:00,461 [app.py:log_request()] - 201 POST /server/files/upload (192.168.4.70) [_TRUSTED_USER_] 16.97ms
2024-04-17 01:23:01,532 [klippy_connection.py:_on_connection_closed()] - Klippy Connection Removed
2024-04-17 01:23:01,598 [app.py:log_request()] - 404 GET /machine/device_power/devices (127.0.0.1) [No User] 4.89ms
2024-04-17 01:23:02,802 [klippy_connection.py:_do_connect()] - Klippy Connection Established
2024-04-17 01:23:04,521 [app.py:log_request()] - 404 GET /machine/device_power/devices (127.0.0.1) [No User] 4.12ms
2024-04-17 01:23:05,036 [file_manager.py:get_file_list()] - Updating File List <gcodes>...
2024-04-17 01:23:06,599 [klippy_connection.py:_request_initial_subscriptions()] - Webhooks Subscribed
2024-04-17 01:23:06,604 [klippy_connection.py:_request_initial_subscriptions()] - GCode Output Subscribed
2024-04-17 01:23:06,849 [job_state.py:_handle_started()] - Job state initialized: standby
2024-04-17 01:23:07,124 [klippy_connection.py:_check_ready()] - Klippy ready
2024-04-17 01:23:07,611 [data_store.py:_init_sensors()] - Configuring available sensors: ['heater_bed', 'temperature_fan pi', 'extruder']
2024-04-17 01:25:28,414 [app.py:log_request()] - 101 GET /websocket (192.168.4.70) [_TRUSTED_USER_] 4.72ms
2024-04-17 01:25:28,415 [websockets.py:open()] - Websocket Opened: ID: 281473440782272, Proxied: True, User Agent: BBL-Slicer/v01.08.04.51 (dark) Mozilla/5.0 (Macintosh; Intel Mac OS X 10_15_7) AppleWebKit/605.1.15 (KHTML, like Gecko), Host Name: magneto.local
2024-04-17 01:25:28,424 [websockets.py:_handle_identify()] - Websocket 281473440782272 Client Identified - Name: mainsail, Version: 2.5.1, Type: web
2024-04-17 01:25:44,936 [shell_command.py:run_with_response()] - /home/pi/moonraker-env/bin/python: Object Processing is enabled
INFO:prepropress_cancellation:Shapely not found, complex hulls disabled
Performing Object Processing on file: Cali-Dragon_v1_PETG_34m53s.gcode, sliced by OrcaSlicer

2024-04-17 01:25:44,936 [shell_command.py:_check_proc_success()] - Command (/home/pi/moonraker-env/bin/python /home/pi/moonraker/moonraker/components/file_manager/metadata.py -p /home/pi/printer_data/gcodes -f "Cali-Dragon_v1_PETG_34m53s.gcode" --check-objects) successfully finished
2024-04-17 01:25:44,974 [app.py:log_request()] - 201 POST /api/files/local (192.168.4.70) [_TRUSTED_USER_] 8325.51ms
2024-04-17 01:25:44,993 [common.py:build_error()] - JSON-RPC Request Error: -32601
Metadata not available for <.thumbs/Cali-Dragon_v1_PETG_34m53s-300x300.png>
Traceback (most recent call last):
  File "/home/pi/moonraker/moonraker/common.py", line 541, in execute_method
    result = await callback(params)
  File "/home/pi/moonraker/moonraker/websockets.py", line 113, in func
    result = await callback(
  File "/home/pi/moonraker/moonraker/components/file_manager/file_manager.py", line 381, in _handle_metadata_request
    raise self.server.error(
moonraker.utils.ServerError: Metadata not available for <.thumbs/Cali-Dragon_v1_PETG_34m53s-300x300.png>
2024-04-17 01:25:44,994 [common.py:build_error()] - JSON-RPC Request Error: -32601
Metadata not available for <.thumbs/Cali-Dragon_v1_PETG_34m53s-32x32.png>
Traceback (most recent call last):
  File "/home/pi/moonraker/moonraker/common.py", line 541, in execute_method
    result = await callback(params)
  File "/home/pi/moonraker/moonraker/websockets.py", line 113, in func
    result = await callback(
  File "/home/pi/moonraker/moonraker/components/file_manager/file_manager.py", line 381, in _handle_metadata_request
    raise self.server.error(
moonraker.utils.ServerError: Metadata not available for <.thumbs/Cali-Dragon_v1_PETG_34m53s-32x32.png>
2024-04-17 01:25:45,143 [job_state.py:_status_update()] - Job Started: Cali-Dragon_v1_PETG_34m53s.gcode
2024-04-17 01:28:05,528 [klippy_connection.py:_process_status_update()] - Klippy has shutdown
2024-04-17 01:28:05,559 [proc_stats.py:_handle_shutdown()] - 
Moonraker System Usage Statistics:
System Time: 1713317256.215433, Usage: 8.24%, Memory: 39888 kB
System Time: 1713317257.215449, Usage: 5.88%, Memory: 39888 kB
System Time: 1713317258.217423, Usage: 6.59%, Memory: 39888 kB
System Time: 1713317259.219944, Usage: 6.0%, Memory: 39888 kB
System Time: 1713317260.228459, Usage: 6.83%, Memory: 39888 kB
System Time: 1713317261.231344, Usage: 7.78%, Memory: 39888 kB
System Time: 1713317262.237631, Usage: 7.5%, Memory: 39888 kB
System Time: 1713317263.241070, Usage: 7.96%, Memory: 39888 kB
System Time: 1713317264.241728, Usage: 7.89%, Memory: 39888 kB
System Time: 1713317265.243500, Usage: 7.86%, Memory: 39888 kB
System Time: 1713317266.240370, Usage: 8.75%, Memory: 39888 kB
System Time: 1713317267.240818, Usage: 5.52%, Memory: 39888 kB
System Time: 1713317268.243423, Usage: 6.54%, Memory: 39888 kB
System Time: 1713317269.246508, Usage: 5.95%, Memory: 39888 kB
System Time: 1713317270.259953, Usage: 6.89%, Memory: 39888 kB
System Time: 1713317271.262775, Usage: 8.07%, Memory: 39888 kB
System Time: 1713317272.266169, Usage: 8.1%, Memory: 39888 kB
System Time: 1713317273.268870, Usage: 7.99%, Memory: 39888 kB
System Time: 1713317274.269862, Usage: 7.61%, Memory: 39888 kB
System Time: 1713317275.266712, Usage: 6.42%, Memory: 39888 kB
System Time: 1713317276.268289, Usage: 7.58%, Memory: 39892 kB
System Time: 1713317277.278221, Usage: 7.18%, Memory: 39892 kB
System Time: 1713317278.274805, Usage: 7.05%, Memory: 39892 kB
System Time: 1713317279.275722, Usage: 6.03%, Memory: 39892 kB
System Time: 1713317280.276559, Usage: 5.99%, Memory: 39892 kB
System Time: 1713317281.280730, Usage: 5.63%, Memory: 39892 kB
System Time: 1713317282.292557, Usage: 7.08%, Memory: 39892 kB
System Time: 1713317283.297110, Usage: 7.83%, Memory: 39892 kB
System Time: 1713317284.293161, Usage: 6.52%, Memory: 39892 kB
System Time: 1713317285.293871, Usage: 5.89%, Memory: 39892 kB
CPU Temperature: 62.837
2024-04-17 01:28:06,124 [common.py:build_error()] - JSON-RPC Request Error: 400
{'error': 'WebRequestError', 'message': 'Shutdown due to webhooks request\nOnce the underlying issue is corrected, use the\n"FIRMWARE_RESTART" command to reset the firmware, reload the\nconfig, and restart the host software.\nPrinter is shutdown\n'}
Traceback (most recent call last):
  File "/home/pi/moonraker/moonraker/common.py", line 541, in execute_method
    result = await callback(params)
  File "/home/pi/moonraker/moonraker/websockets.py", line 113, in func
    result = await callback(
  File "/home/pi/moonraker/moonraker/components/klippy_apis.py", line 69, in _gcode_cancel
    return await self.cancel_print()
  File "/home/pi/moonraker/moonraker/components/klippy_apis.py", line 141, in cancel_print
    return await self._send_klippy_request(
  File "/home/pi/moonraker/moonraker/components/klippy_apis.py", line 89, in _send_klippy_request
    result = await self.klippy.request(req)
  File "/home/pi/moonraker/moonraker/klippy_connection.py", line 522, in request
    return await self._request_standard(web_request)
  File "/home/pi/moonraker/moonraker/klippy_connection.py", line 577, in _request_standard
    return await base_request.wait()
  File "/home/pi/moonraker/moonraker/klippy_connection.py", line 692, in wait
    raise self.response
moonraker.utils.ServerError: {'error': 'WebRequestError', 'message': 'Shutdown due to webhooks request\nOnce the underlying issue is corrected, use the\n"FIRMWARE_RESTART" command to reset the firmware, reload the\nconfig, and restart the host software.\nPrinter is shutdown\n'}
2024-04-17 01:28:08,948 [klippy_connection.py:_on_connection_closed()] - Klippy Connection Removed
2024-04-17 01:28:09,053 [app.py:log_request()] - 404 GET /machine/device_power/devices (127.0.0.1) [No User] 7.01ms
2024-04-17 01:28:10,220 [klippy_connection.py:_do_connect()] - Klippy Connection Established
2024-04-17 01:28:12,522 [app.py:log_request()] - 404 GET /machine/device_power/devices (127.0.0.1) [No User] 4.58ms
2024-04-17 01:28:13,026 [file_manager.py:get_file_list()] - Updating File List <gcodes>...
2024-04-17 01:28:13,840 [klippy_connection.py:_request_initial_subscriptions()] - Webhooks Subscribed
2024-04-17 01:28:13,844 [klippy_connection.py:_request_initial_subscriptions()] - GCode Output Subscribed
2024-04-17 01:28:14,091 [job_state.py:_handle_started()] - Job state initialized: standby
2024-04-17 01:28:14,360 [klippy_connection.py:_check_ready()] - Klippy ready
2024-04-17 01:28:14,855 [data_store.py:_init_sensors()] - Configuring available sensors: ['heater_bed', 'temperature_fan pi', 'extruder']
2024-04-17 01:36:48,662 [file_manager.py:get_file_list()] - Updating File List <gcodes>...
2024-04-17 01:36:55,493 [job_state.py:_status_update()] - Job Started: Cali-Dragon_v1_PETG_34m53s.gcode
2024-04-17 01:49:55,169 [shell_command.py:run_with_response()] - /home/pi/moonraker-env/bin/python: Object Processing is enabled
INFO:prepropress_cancellation:Shapely not found, complex hulls disabled
Performing Object Processing on file: Cali-Dragon_v1_PETG_35m25s.gcode, sliced by OrcaSlicer

2024-04-17 01:49:55,169 [shell_command.py:_check_proc_success()] - Command (/home/pi/moonraker-env/bin/python /home/pi/moonraker/moonraker/components/file_manager/metadata.py -p /home/pi/printer_data/gcodes -f "Cali-Dragon_v1_PETG_35m25s.gcode" --check-objects) successfully finished
2024-04-17 01:49:55,207 [app.py:log_request()] - 201 POST /api/files/local (192.168.4.70) [_TRUSTED_USER_] 8275.90ms
2024-04-17 01:49:55,232 [common.py:build_error()] - JSON-RPC Request Error: -32601
Metadata not available for <.thumbs/Cali-Dragon_v1_PETG_35m25s-300x300.png>
Traceback (most recent call last):
  File "/home/pi/moonraker/moonraker/common.py", line 541, in execute_method
    result = await callback(params)
  File "/home/pi/moonraker/moonraker/websockets.py", line 113, in func
    result = await callback(
  File "/home/pi/moonraker/moonraker/components/file_manager/file_manager.py", line 381, in _handle_metadata_request
    raise self.server.error(
moonraker.utils.ServerError: Metadata not available for <.thumbs/Cali-Dragon_v1_PETG_35m25s-300x300.png>
2024-04-17 01:49:55,235 [common.py:build_error()] - JSON-RPC Request Error: -32601
Metadata not available for <.thumbs/Cali-Dragon_v1_PETG_35m25s-32x32.png>
Traceback (most recent call last):
  File "/home/pi/moonraker/moonraker/common.py", line 541, in execute_method
    result = await callback(params)
  File "/home/pi/moonraker/moonraker/websockets.py", line 113, in func
    result = await callback(
  File "/home/pi/moonraker/moonraker/components/file_manager/file_manager.py", line 381, in _handle_metadata_request
    raise self.server.error(
moonraker.utils.ServerError: Metadata not available for <.thumbs/Cali-Dragon_v1_PETG_35m25s-32x32.png>
2024-04-17 01:49:55,330 [job_state.py:_status_update()] - Job Started: Cali-Dragon_v1_PETG_35m25s.gcode
2024-04-17 01:53:49,570 [authorization.py:_check_trusted_connection()] - Trusted Connection Detected, IP: 192.168.7.238
2024-04-17 01:53:49,572 [app.py:log_request()] - 101 GET /websocket (192.168.7.238) [_TRUSTED_USER_] 6.14ms
2024-04-17 01:53:49,573 [websockets.py:open()] - Websocket Opened: ID: 281473440296480, Proxied: True, User Agent: Mozilla/5.0 (iPhone; CPU iPhone OS 17_4 like Mac OS X) AppleWebKit/605.1.15 (KHTML, like Gecko) CriOS/123.0.6312.52 Mobile/15E148 Safari/604.1, Host Name: magneto.local
2024-04-17 01:53:49,595 [websockets.py:_handle_identify()] - Websocket 281473440296480 Client Identified - Name: mainsail, Version: 2.5.1, Type: web
2024-04-17 01:54:04,239 [websockets.py:on_close()] - Websocket Closed: ID: 281473440296480 Close Code: 1001, Close Reason: None, Pong Time Elapsed: 4.64
2024-04-17 01:54:04,464 [app.py:log_request()] - 101 GET /websocket (192.168.7.238) [_TRUSTED_USER_] 5.78ms
2024-04-17 01:54:04,465 [websockets.py:open()] - Websocket Opened: ID: 281473440293792, Proxied: True, User Agent: Mozilla/5.0 (iPhone; CPU iPhone OS 17_4 like Mac OS X) AppleWebKit/605.1.15 (KHTML, like Gecko) CriOS/123.0.6312.52 Mobile/15E148 Safari/604.1, Host Name: magneto.local
2024-04-17 01:54:04,477 [websockets.py:_handle_identify()] - Websocket 281473440293792 Client Identified - Name: mainsail, Version: 2.5.1, Type: web
2024-04-17 01:54:33,803 [websockets.py:on_close()] - Websocket Closed: ID: 281473440293792 Close Code: 1001, Close Reason: None, Pong Time Elapsed: 9.32
2024-04-17 01:54:34,013 [app.py:log_request()] - 101 GET /websocket (192.168.7.238) [_TRUSTED_USER_] 6.09ms
2024-04-17 01:54:34,014 [websockets.py:open()] - Websocket Opened: ID: 281473440295808, Proxied: True, User Agent: Mozilla/5.0 (iPhone; CPU iPhone OS 17_4 like Mac OS X) AppleWebKit/605.1.15 (KHTML, like Gecko) CriOS/123.0.6312.52 Mobile/15E148 Safari/604.1, Host Name: magneto.local
2024-04-17 01:54:34,024 [websockets.py:_handle_identify()] - Websocket 281473440295808 Client Identified - Name: mainsail, Version: 2.5.1, Type: web
2024-04-17 01:54:50,633 [websockets.py:on_close()] - Websocket Closed: ID: 281473440295808 Close Code: 1001, Close Reason: None, Pong Time Elapsed: 6.59
2024-04-17 01:54:50,876 [app.py:log_request()] - 101 GET /websocket (192.168.7.238) [_TRUSTED_USER_] 4.63ms
2024-04-17 01:54:50,877 [websockets.py:open()] - Websocket Opened: ID: 281473440294704, Proxied: True, User Agent: Mozilla/5.0 (iPhone; CPU iPhone OS 17_4 like Mac OS X) AppleWebKit/605.1.15 (KHTML, like Gecko) CriOS/123.0.6312.52 Mobile/15E148 Safari/604.1, Host Name: magneto.local
2024-04-17 01:54:50,886 [websockets.py:_handle_identify()] - Websocket 281473440294704 Client Identified - Name: mainsail, Version: 2.5.1, Type: web
2024-04-17 01:55:19,557 [websockets.py:on_close()] - Websocket Closed: ID: 281473440294704 Close Code: 1001, Close Reason: None, Pong Time Elapsed: 8.67
2024-04-17 01:55:19,809 [app.py:log_request()] - 101 GET /websocket (192.168.7.238) [_TRUSTED_USER_] 5.70ms
2024-04-17 01:55:19,810 [websockets.py:open()] - Websocket Opened: ID: 281473439979648, Proxied: True, User Agent: Mozilla/5.0 (iPhone; CPU iPhone OS 17_4 like Mac OS X) AppleWebKit/605.1.15 (KHTML, like Gecko) CriOS/123.0.6312.52 Mobile/15E148 Safari/604.1, Host Name: magneto.local
2024-04-17 01:55:19,821 [websockets.py:_handle_identify()] - Websocket 281473439979648 Client Identified - Name: mainsail, Version: 2.5.1, Type: web
2024-04-17 02:02:08,883 [websockets.py:on_close()] - Websocket Closed: ID: 281473439979648 Close Code: 1001, Close Reason: None, Pong Time Elapsed: 9.01
2024-04-17 02:02:09,127 [app.py:log_request()] - 101 GET /websocket (192.168.7.238) [_TRUSTED_USER_] 4.57ms
2024-04-17 02:02:09,128 [websockets.py:open()] - Websocket Opened: ID: 281473440341920, Proxied: True, User Agent: Mozilla/5.0 (iPhone; CPU iPhone OS 17_4 like Mac OS X) AppleWebKit/605.1.15 (KHTML, like Gecko) CriOS/123.0.6312.52 Mobile/15E148 Safari/604.1, Host Name: magneto.local
2024-04-17 02:02:09,138 [websockets.py:_handle_identify()] - Websocket 281473440341920 Client Identified - Name: mainsail, Version: 2.5.1, Type: web
2024-04-17 02:02:55,078 [websockets.py:on_close()] - Websocket Closed: ID: 281473440341920 Close Code: 1001, Close Reason: WebSocket is closed due to suspension., Pong Time Elapsed: 5.94
2024-04-17 02:29:28,461 [authorization.py:_prune_conn_handler()] - Trusted Connection Expired, IP: 127.0.0.1
2024-04-17 02:29:55,743 [app.py:log_request()] - 101 GET /websocket (192.168.7.238) [_TRUSTED_USER_] 4.59ms
2024-04-17 02:29:55,744 [websockets.py:open()] - Websocket Opened: ID: 281473440277504, Proxied: True, User Agent: Mozilla/5.0 (iPhone; CPU iPhone OS 17_4 like Mac OS X) AppleWebKit/605.1.15 (KHTML, like Gecko) CriOS/123.0.6312.52 Mobile/15E148 Safari/604.1, Host Name: magneto.local
2024-04-17 02:29:55,752 [websockets.py:_handle_identify()] - Websocket 281473440277504 Client Identified - Name: mainsail, Version: 2.5.1, Type: web
2024-04-17 02:35:47,611 [websockets.py:on_close()] - Websocket Closed: ID: 281473440277504 Close Code: None, Close Reason: None, Pong Time Elapsed: 1.86
2024-04-17 02:37:46,125 [klippy_connection.py:wait()] - Request 'gcode/script' pending: 60.01 seconds
2024-04-17 02:38:46,128 [klippy_connection.py:wait()] - Request 'gcode/script' pending: 120.01 seconds
2024-04-17 02:39:46,130 [klippy_connection.py:wait()] - Request 'gcode/script' pending: 180.01 seconds
2024-04-17 02:48:51,195 [websockets.py:on_close()] - Websocket Closed: ID: 281473440782272 Close Code: 1001, Close Reason: None, Pong Time Elapsed: 2.76
2024-04-17 02:48:51,772 [app.py:log_request()] - 101 GET /websocket (192.168.4.70) [_TRUSTED_USER_] 8.22ms
2024-04-17 02:48:51,774 [websockets.py:open()] - Websocket Opened: ID: 281473440291664, Proxied: True, User Agent: BBL-Slicer/v01.08.04.51 (dark) Mozilla/5.0 (Macintosh; Intel Mac OS X 10_15_7) AppleWebKit/605.1.15 (KHTML, like Gecko), Host Name: magneto.local
2024-04-17 02:48:51,800 [websockets.py:_handle_identify()] - Websocket 281473440291664 Client Identified - Name: mainsail, Version: 2.5.1, Type: web
2024-04-17 02:50:52,943 [websockets.py:on_close()] - Websocket Closed: ID: 281473440291664 Close Code: 1001, Close Reason: WebSocket is closed due to suspension., Pong Time Elapsed: 1.16
2024-04-17 02:52:06,231 [app.py:log_request()] - 101 GET /websocket (192.168.4.70) [_TRUSTED_USER_] 4.61ms
2024-04-17 02:52:06,231 [websockets.py:open()] - Websocket Opened: ID: 281473440955744, Proxied: True, User Agent: BBL-Slicer/v01.08.04.51 (dark) Mozilla/5.0 (Macintosh; Intel Mac OS X 10_15_7) AppleWebKit/605.1.15 (KHTML, like Gecko), Host Name: magneto.local
2024-04-17 02:52:06,242 [websockets.py:_handle_identify()] - Websocket 281473440955744 Client Identified - Name: mainsail, Version: 2.5.1, Type: web
2024-04-17 02:54:21,672 [websockets.py:on_close()] - Websocket Closed: ID: 281473440955744 Close Code: 1001, Close Reason: None, Pong Time Elapsed: 5.43
2024-04-17 02:54:22,023 [app.py:log_request()] - 101 GET /websocket (192.168.4.70) [_TRUSTED_USER_] 7.56ms
2024-04-17 02:54:22,025 [websockets.py:open()] - Websocket Opened: ID: 281473440952960, Proxied: True, User Agent: BBL-Slicer/v01.08.04.51 (dark) Mozilla/5.0 (Macintosh; Intel Mac OS X 10_15_7) AppleWebKit/605.1.15 (KHTML, like Gecko), Host Name: magneto.local
2024-04-17 02:54:22,040 [websockets.py:_handle_identify()] - Websocket 281473440952960 Client Identified - Name: mainsail, Version: 2.5.1, Type: web
2024-04-17 02:54:24,654 [websockets.py:on_close()] - Websocket Closed: ID: 281473440952960 Close Code: 1001, Close Reason: None, Pong Time Elapsed: 2.64
2024-04-17 02:54:25,172 [app.py:log_request()] - 101 GET /websocket (192.168.4.70) [_TRUSTED_USER_] 4.10ms
2024-04-17 02:54:25,173 [websockets.py:open()] - Websocket Opened: ID: 281473440345104, Proxied: True, User Agent: BBL-Slicer/v01.08.04.51 (dark) Mozilla/5.0 (Macintosh; Intel Mac OS X 10_15_7) AppleWebKit/605.1.15 (KHTML, like Gecko), Host Name: magneto.local
2024-04-17 02:54:25,191 [websockets.py:_handle_identify()] - Websocket 281473440345104 Client Identified - Name: mainsail, Version: 2.5.1, Type: web
2024-04-17 03:01:13,028 [websockets.py:on_close()] - Websocket Closed: ID: 281473440345104 Close Code: 1001, Close Reason: None, Pong Time Elapsed: 7.84
2024-04-17 03:01:13,337 [app.py:log_request()] - 101 GET /websocket (192.168.4.70) [_TRUSTED_USER_] 7.50ms
2024-04-17 03:01:13,338 [websockets.py:open()] - Websocket Opened: ID: 281473440277936, Proxied: True, User Agent: BBL-Slicer/v01.08.04.51 (dark) Mozilla/5.0 (Macintosh; Intel Mac OS X 10_15_7) AppleWebKit/605.1.15 (KHTML, like Gecko), Host Name: magneto.local
2024-04-17 03:01:13,355 [websockets.py:_handle_identify()] - Websocket 281473440277936 Client Identified - Name: mainsail, Version: 2.5.1, Type: web
2024-04-17 03:01:14,599 [websockets.py:on_close()] - Websocket Closed: ID: 281473440277936 Close Code: 1001, Close Reason: None, Pong Time Elapsed: 1.27
2024-04-17 03:01:14,910 [app.py:log_request()] - 101 GET /websocket (192.168.4.70) [_TRUSTED_USER_] 5.02ms
2024-04-17 03:01:14,911 [websockets.py:open()] - Websocket Opened: ID: 281473440782128, Proxied: True, User Agent: BBL-Slicer/v01.08.04.51 (dark) Mozilla/5.0 (Macintosh; Intel Mac OS X 10_15_7) AppleWebKit/605.1.15 (KHTML, like Gecko), Host Name: magneto.local
2024-04-17 03:01:14,923 [websockets.py:_handle_identify()] - Websocket 281473440782128 Client Identified - Name: mainsail, Version: 2.5.1, Type: web
2024-04-17 03:22:54,100 [app.py:log_request()] - 201 POST /server/files/upload (192.168.4.70) [_TRUSTED_USER_] 15.96ms
2024-04-17 03:22:55,177 [klippy_connection.py:_on_connection_closed()] - Klippy Connection Removed
2024-04-17 03:22:55,246 [authorization.py:_check_trusted_connection()] - Trusted Connection Detected, IP: 127.0.0.1
2024-04-17 03:22:55,277 [app.py:log_request()] - 404 GET /machine/device_power/devices (127.0.0.1) [No User] 4.50ms
2024-04-17 03:22:56,447 [klippy_connection.py:_do_connect()] - Klippy Connection Established
2024-04-17 03:22:58,526 [app.py:log_request()] - 404 GET /machine/device_power/devices (127.0.0.1) [No User] 5.57ms
2024-04-17 03:22:59,025 [file_manager.py:get_file_list()] - Updating File List <gcodes>...
2024-04-17 03:23:00,092 [klippy_connection.py:_request_initial_subscriptions()] - Webhooks Subscribed
2024-04-17 03:23:00,096 [klippy_connection.py:_request_initial_subscriptions()] - GCode Output Subscribed
2024-04-17 03:23:00,343 [job_state.py:_handle_started()] - Job state initialized: standby
2024-04-17 03:23:00,624 [klippy_connection.py:_check_ready()] - Klippy ready
2024-04-17 03:23:01,129 [data_store.py:_init_sensors()] - Configuring available sensors: ['heater_bed', 'temperature_fan pi', 'extruder']
2024-04-17 03:25:33,277 [websockets.py:on_close()] - Websocket Closed: ID: 281473440782128 Close Code: 1001, Close Reason: None, Pong Time Elapsed: 8.34
2024-04-17 03:25:33,671 [app.py:log_request()] - 101 GET /websocket (192.168.4.70) [_TRUSTED_USER_] 7.40ms
2024-04-17 03:25:33,672 [websockets.py:open()] - Websocket Opened: ID: 281473440781072, Proxied: True, User Agent: BBL-Slicer/v01.08.04.51 (dark) Mozilla/5.0 (Macintosh; Intel Mac OS X 10_15_7) AppleWebKit/605.1.15 (KHTML, like Gecko), Host Name: magneto.local
2024-04-17 03:25:33,691 [websockets.py:_handle_identify()] - Websocket 281473440781072 Client Identified - Name: mainsail, Version: 2.5.1, Type: web
2024-04-17 03:25:52,304 [websockets.py:on_close()] - Websocket Closed: ID: 281473440781072 Close Code: 1001, Close Reason: None, Pong Time Elapsed: 8.62
2024-04-17 03:25:52,749 [app.py:log_request()] - 101 GET /websocket (192.168.4.70) [_TRUSTED_USER_] 6.48ms
2024-04-17 03:25:52,750 [websockets.py:open()] - Websocket Opened: ID: 281473478385520, Proxied: True, User Agent: BBL-Slicer/v01.08.04.51 (dark) Mozilla/5.0 (Macintosh; Intel Mac OS X 10_15_7) AppleWebKit/605.1.15 (KHTML, like Gecko), Host Name: magneto.local
2024-04-17 03:25:52,773 [websockets.py:_handle_identify()] - Websocket 281473478385520 Client Identified - Name: mainsail, Version: 2.5.1, Type: web
2024-04-17 03:27:01,943 [shell_command.py:run_with_response()] - /home/pi/moonraker-env/bin/python: Object Processing is enabled

2024-04-17 03:27:01,944 [shell_command.py:_check_proc_success()] - Command (/home/pi/moonraker-env/bin/python /home/pi/moonraker/moonraker/components/file_manager/metadata.py -p /home/pi/printer_data/gcodes -f "pressure_advance_test_PLA_6m9s.gcode" --check-objects) successfully finished
2024-04-17 03:27:01,983 [app.py:log_request()] - 201 POST /api/files/local (192.168.4.70) [_TRUSTED_USER_] 818.22ms
2024-04-17 03:27:02,006 [common.py:build_error()] - JSON-RPC Request Error: -32601
Metadata not available for <.thumbs/pressure_advance_test_PLA_6m9s-300x300.png>
Traceback (most recent call last):
  File "/home/pi/moonraker/moonraker/common.py", line 541, in execute_method
    result = await callback(params)
  File "/home/pi/moonraker/moonraker/websockets.py", line 113, in func
    result = await callback(
  File "/home/pi/moonraker/moonraker/components/file_manager/file_manager.py", line 381, in _handle_metadata_request
    raise self.server.error(
moonraker.utils.ServerError: Metadata not available for <.thumbs/pressure_advance_test_PLA_6m9s-300x300.png>
2024-04-17 03:27:02,037 [common.py:build_error()] - JSON-RPC Request Error: -32601
Metadata not available for <.thumbs/pressure_advance_test_PLA_6m9s-32x32.png>
Traceback (most recent call last):
  File "/home/pi/moonraker/moonraker/common.py", line 541, in execute_method
    result = await callback(params)
  File "/home/pi/moonraker/moonraker/websockets.py", line 113, in func
    result = await callback(
  File "/home/pi/moonraker/moonraker/components/file_manager/file_manager.py", line 381, in _handle_metadata_request
    raise self.server.error(
moonraker.utils.ServerError: Metadata not available for <.thumbs/pressure_advance_test_PLA_6m9s-32x32.png>
2024-04-17 03:27:02,157 [job_state.py:_status_update()] - Job Started: pressure_advance_test_PLA_6m9s.gcode
2024-04-17 03:27:26,348 [klippy_connection.py:_process_status_update()] - Klippy has shutdown
2024-04-17 03:27:26,371 [proc_stats.py:_handle_shutdown()] - 
Moonraker System Usage Statistics:
System Time: 1713324416.394368, Usage: 5.6%, Memory: 40392 kB
System Time: 1713324417.394545, Usage: 4.63%, Memory: 40392 kB
System Time: 1713324418.398214, Usage: 7.05%, Memory: 40392 kB
System Time: 1713324419.400417, Usage: 4.86%, Memory: 40392 kB
System Time: 1713324420.414533, Usage: 5.48%, Memory: 40392 kB
System Time: 1713324421.415540, Usage: 12.41%, Memory: 40392 kB
System Time: 1713324422.415575, Usage: 20.89%, Memory: 40392 kB
System Time: 1713324423.425368, Usage: 14.31%, Memory: 40392 kB
System Time: 1713324424.421737, Usage: 7.92%, Memory: 40392 kB
System Time: 1713324425.422675, Usage: 6.39%, Memory: 40392 kB
System Time: 1713324426.445793, Usage: 68.34%, Memory: 40392 kB
System Time: 1713324427.427303, Usage: 44.08%, Memory: 40392 kB
System Time: 1713324428.428545, Usage: 5.41%, Memory: 40392 kB
System Time: 1713324429.434204, Usage: 5.3%, Memory: 40392 kB
System Time: 1713324430.435367, Usage: 6.66%, Memory: 40392 kB
System Time: 1713324431.436488, Usage: 6.4%, Memory: 40392 kB
System Time: 1713324432.433416, Usage: 5.35%, Memory: 40392 kB
System Time: 1713324433.433907, Usage: 5.13%, Memory: 40392 kB
System Time: 1713324434.440039, Usage: 7.22%, Memory: 40392 kB
System Time: 1713324435.437455, Usage: 5.7%, Memory: 40392 kB
System Time: 1713324436.438835, Usage: 4.52%, Memory: 40392 kB
System Time: 1713324437.444376, Usage: 5.79%, Memory: 40392 kB
System Time: 1713324438.441427, Usage: 6.18%, Memory: 40392 kB
System Time: 1713324439.443427, Usage: 4.51%, Memory: 40392 kB
System Time: 1713324440.449194, Usage: 5.9%, Memory: 40392 kB
System Time: 1713324441.445344, Usage: 5.35%, Memory: 40392 kB
System Time: 1713324442.446099, Usage: 4.5%, Memory: 40392 kB
System Time: 1713324443.451413, Usage: 6.32%, Memory: 40392 kB
System Time: 1713324444.448354, Usage: 7.75%, Memory: 40392 kB
System Time: 1713324445.449589, Usage: 4.99%, Memory: 40392 kB
CPU Temperature: 60.812
2024-04-17 03:27:37,179 [klippy_connection.py:_on_connection_closed()] - Klippy Connection Removed
2024-04-17 03:27:37,285 [app.py:log_request()] - 404 GET /machine/device_power/devices (127.0.0.1) [No User] 7.28ms
2024-04-17 03:27:37,344 [common.py:build_error()] - JSON-RPC Request Error: 503
Klippy Host not connected
Traceback (most recent call last):
  File "/home/pi/moonraker/moonraker/common.py", line 541, in execute_method
    result = await callback(params)
  File "/home/pi/moonraker/moonraker/websockets.py", line 113, in func
    result = await callback(
  File "/home/pi/moonraker/moonraker/klippy_connection.py", line 512, in request
    raise ServerError("Klippy Host not connected", 503)
moonraker.utils.ServerError: Klippy Host not connected
2024-04-17 03:27:38,454 [klippy_connection.py:_do_connect()] - Klippy Connection Established
2024-04-17 03:27:40,529 [app.py:log_request()] - 404 GET /machine/device_power/devices (127.0.0.1) [No User] 5.82ms
2024-04-17 03:27:41,046 [file_manager.py:get_file_list()] - Updating File List <gcodes>...
2024-04-17 03:27:42,350 [klippy_connection.py:_request_initial_subscriptions()] - Webhooks Subscribed
2024-04-17 03:27:42,355 [klippy_connection.py:_request_initial_subscriptions()] - GCode Output Subscribed
2024-04-17 03:27:42,604 [job_state.py:_handle_started()] - Job state initialized: standby
2024-04-17 03:27:42,886 [klippy_connection.py:_check_ready()] - Klippy ready
2024-04-17 03:27:43,361 [data_store.py:_init_sensors()] - Configuring available sensors: ['heater_bed', 'temperature_fan pi', 'extruder']
2024-04-17 03:28:42,127 [app.py:log_request()] - 201 POST /server/files/upload (192.168.4.70) [_TRUSTED_USER_] 26.12ms
2024-04-17 03:28:43,200 [klippy_connection.py:_on_connection_closed()] - Klippy Connection Removed
2024-04-17 03:28:43,261 [app.py:log_request()] - 404 GET /machine/device_power/devices (127.0.0.1) [No User] 4.41ms
2024-04-17 03:28:44,468 [klippy_connection.py:_do_connect()] - Klippy Connection Established
2024-04-17 03:28:46,526 [app.py:log_request()] - 404 GET /machine/device_power/devices (127.0.0.1) [No User] 4.95ms
2024-04-17 03:28:47,043 [file_manager.py:get_file_list()] - Updating File List <gcodes>...
2024-04-17 03:28:48,112 [klippy_connection.py:_request_initial_subscriptions()] - Webhooks Subscribed
2024-04-17 03:28:48,118 [klippy_connection.py:_request_initial_subscriptions()] - GCode Output Subscribed
2024-04-17 03:28:48,362 [job_state.py:_handle_started()] - Job state initialized: standby
2024-04-17 03:28:48,651 [klippy_connection.py:_check_ready()] - Klippy ready
2024-04-17 03:28:49,127 [data_store.py:_init_sensors()] - Configuring available sensors: ['heater_bed', 'temperature_fan pi', 'extruder']
2024-04-17 03:28:55,391 [job_state.py:_status_update()] - Job Started: pressure_advance_test_PLA_6m9s.gcode
2024-04-17 03:29:14,439 [klippy_connection.py:_process_status_update()] - Klippy has shutdown
2024-04-17 03:29:14,465 [proc_stats.py:_handle_shutdown()] - 
Moonraker System Usage Statistics:
System Time: 1713324524.587605, Usage: 11.83%, Memory: 40400 kB
System Time: 1713324525.567934, Usage: 8.34%, Memory: 40400 kB
System Time: 1713324526.570890, Usage: 7.09%, Memory: 40400 kB
System Time: 1713324527.571182, Usage: 19.41%, Memory: 40400 kB
System Time: 1713324528.577273, Usage: 7.08%, Memory: 40400 kB
System Time: 1713324529.573453, Usage: 45.79%, Memory: 40404 kB
System Time: 1713324530.575573, Usage: 4.58%, Memory: 40404 kB
System Time: 1713324531.580711, Usage: 5.66%, Memory: 40404 kB
System Time: 1713324532.582719, Usage: 6.11%, Memory: 40404 kB
System Time: 1713324533.578505, Usage: 8.83%, Memory: 40404 kB
System Time: 1713324534.580218, Usage: 5.93%, Memory: 40404 kB
System Time: 1713324535.582175, Usage: 12.61%, Memory: 40404 kB
System Time: 1713324536.583483, Usage: 7.78%, Memory: 40404 kB
System Time: 1713324537.584958, Usage: 5.59%, Memory: 40404 kB
System Time: 1713324538.585513, Usage: 5.94%, Memory: 40404 kB
System Time: 1713324539.590575, Usage: 5.3%, Memory: 40404 kB
System Time: 1713324540.588708, Usage: 6.28%, Memory: 40404 kB
System Time: 1713324541.589224, Usage: 5.31%, Memory: 40404 kB
System Time: 1713324542.589578, Usage: 5.64%, Memory: 40404 kB
System Time: 1713324543.591004, Usage: 5.89%, Memory: 40404 kB
System Time: 1713324544.592579, Usage: 7.79%, Memory: 40404 kB
System Time: 1713324545.593730, Usage: 6.15%, Memory: 40404 kB
System Time: 1713324546.595628, Usage: 6.09%, Memory: 40404 kB
System Time: 1713324547.596610, Usage: 5.33%, Memory: 40404 kB
System Time: 1713324548.602289, Usage: 5.95%, Memory: 40404 kB
System Time: 1713324549.598887, Usage: 6.51%, Memory: 40404 kB
System Time: 1713324550.599698, Usage: 5.34%, Memory: 40404 kB
System Time: 1713324551.600700, Usage: 6.17%, Memory: 40404 kB
System Time: 1713324552.601917, Usage: 5.28%, Memory: 40404 kB
System Time: 1713324553.603084, Usage: 6.45%, Memory: 40404 kB
CPU Temperature: 63.242
2024-04-17 03:29:27,520 [klippy_connection.py:_on_connection_closed()] - Klippy Connection Removed
2024-04-17 03:29:27,621 [app.py:log_request()] - 404 GET /machine/device_power/devices (127.0.0.1) [No User] 5.84ms
2024-04-17 03:29:28,793 [klippy_connection.py:_do_connect()] - Klippy Connection Established
2024-04-17 03:29:30,523 [app.py:log_request()] - 404 GET /machine/device_power/devices (127.0.0.1) [No User] 4.27ms
2024-04-17 03:29:31,017 [file_manager.py:get_file_list()] - Updating File List <gcodes>...
2024-04-17 03:29:32,580 [klippy_connection.py:_request_initial_subscriptions()] - Webhooks Subscribed
2024-04-17 03:29:32,585 [klippy_connection.py:_request_initial_subscriptions()] - GCode Output Subscribed
2024-04-17 03:29:32,830 [job_state.py:_handle_started()] - Job state initialized: standby
2024-04-17 03:29:33,105 [klippy_connection.py:_check_ready()] - Klippy ready
2024-04-17 03:29:33,591 [data_store.py:_init_sensors()] - Configuring available sensors: ['heater_bed', 'temperature_fan pi', 'extruder']
2024-04-17 03:30:45,716 [app.py:log_request()] - 201 POST /server/files/upload (192.168.4.70) [_TRUSTED_USER_] 26.40ms
2024-04-17 03:30:46,789 [klippy_connection.py:_on_connection_closed()] - Klippy Connection Removed
2024-04-17 03:30:46,858 [app.py:log_request()] - 404 GET /machine/device_power/devices (127.0.0.1) [No User] 4.58ms
2024-04-17 03:30:48,057 [klippy_connection.py:_do_connect()] - Klippy Connection Established
2024-04-17 03:30:50,532 [app.py:log_request()] - 404 GET /machine/device_power/devices (127.0.0.1) [No User] 4.36ms
2024-04-17 03:30:51,047 [file_manager.py:get_file_list()] - Updating File List <gcodes>...
2024-04-17 03:30:51,842 [klippy_connection.py:_request_initial_subscriptions()] - Webhooks Subscribed
2024-04-17 03:30:51,846 [klippy_connection.py:_request_initial_subscriptions()] - GCode Output Subscribed
2024-04-17 03:30:52,093 [job_state.py:_handle_started()] - Job state initialized: standby
2024-04-17 03:30:52,365 [klippy_connection.py:_check_ready()] - Klippy ready
2024-04-17 03:30:52,860 [data_store.py:_init_sensors()] - Configuring available sensors: ['heater_bed', 'temperature_fan pi', 'extruder']
2024-04-17 03:30:57,115 [job_state.py:_status_update()] - Job Started: pressure_advance_test_PLA_6m9s.gcode
2024-04-17 03:32:13,630 [app.py:log_request()] - 101 GET /websocket (192.168.7.238) [_TRUSTED_USER_] 5.00ms
2024-04-17 03:32:13,631 [websockets.py:open()] - Websocket Opened: ID: 281473442238320, Proxied: True, User Agent: Mozilla/5.0 (iPhone; CPU iPhone OS 17_4 like Mac OS X) AppleWebKit/605.1.15 (KHTML, like Gecko) CriOS/123.0.6312.52 Mobile/15E148 Safari/604.1, Host Name: magneto.local
2024-04-17 03:32:13,654 [websockets.py:_handle_identify()] - Websocket 281473442238320 Client Identified - Name: mainsail, Version: 2.5.1, Type: web
2024-04-17 03:33:18,915 [websockets.py:on_close()] - Websocket Closed: ID: 281473442238320 Close Code: None, Close Reason: None, Pong Time Elapsed: 5.27
2024-04-17 03:34:23,176 [app.py:log_request()] - 101 GET /websocket (192.168.7.238) [_TRUSTED_USER_] 4.57ms
2024-04-17 03:34:23,177 [websockets.py:open()] - Websocket Opened: ID: 281473440374352, Proxied: True, User Agent: Mozilla/5.0 (iPhone; CPU iPhone OS 17_4 like Mac OS X) AppleWebKit/605.1.15 (KHTML, like Gecko) CriOS/123.0.6312.52 Mobile/15E148 Safari/604.1, Host Name: magneto.local
2024-04-17 03:34:23,200 [websockets.py:_handle_identify()] - Websocket 281473440374352 Client Identified - Name: mainsail, Version: 2.5.1, Type: web
2024-04-17 03:35:42,590 [websockets.py:on_close()] - Websocket Closed: ID: 281473440374352 Close Code: 1001, Close Reason: WebSocket is closed due to suspension., Pong Time Elapsed: 9.39
2024-04-17 03:35:46,073 [app.py:log_request()] - 101 GET /websocket (192.168.7.238) [_TRUSTED_USER_] 5.79ms
2024-04-17 03:35:46,074 [websockets.py:open()] - Websocket Opened: ID: 281473440373296, Proxied: True, User Agent: Mozilla/5.0 (iPhone; CPU iPhone OS 17_4 like Mac OS X) AppleWebKit/605.1.15 (KHTML, like Gecko) CriOS/123.0.6312.52 Mobile/15E148 Safari/604.1, Host Name: magneto.local
2024-04-17 03:35:46,090 [websockets.py:_handle_identify()] - Websocket 281473440373296 Client Identified - Name: mainsail, Version: 2.5.1, Type: web
2024-04-17 03:35:55,220 [websockets.py:on_close()] - Websocket Closed: ID: 281473440373296 Close Code: 1001, Close Reason: WebSocket is closed due to suspension., Pong Time Elapsed: 9.15
2024-04-17 03:40:56,230 [app.py:log_request()] - 101 GET /websocket (192.168.7.238) [_TRUSTED_USER_] 4.73ms
2024-04-17 03:40:56,231 [websockets.py:open()] - Websocket Opened: ID: 281473440371568, Proxied: True, User Agent: Mozilla/5.0 (iPhone; CPU iPhone OS 17_4 like Mac OS X) AppleWebKit/605.1.15 (KHTML, like Gecko) CriOS/123.0.6312.52 Mobile/15E148 Safari/604.1, Host Name: magneto.local
2024-04-17 03:40:56,247 [websockets.py:_handle_identify()] - Websocket 281473440371568 Client Identified - Name: mainsail, Version: 2.5.1, Type: web
2024-04-17 03:42:07,214 [websockets.py:on_close()] - Websocket Closed: ID: 281473440371568 Close Code: 1001, Close Reason: WebSocket is closed due to suspension., Pong Time Elapsed: 0.97
2024-04-17 03:55:22,626 [app.py:log_request()] - 101 GET /websocket (192.168.7.238) [_TRUSTED_USER_] 7.79ms
2024-04-17 03:55:22,627 [websockets.py:open()] - Websocket Opened: ID: 281473440370896, Proxied: True, User Agent: Mozilla/5.0 (iPhone; CPU iPhone OS 17_4 like Mac OS X) AppleWebKit/605.1.15 (KHTML, like Gecko) CriOS/123.0.6312.52 Mobile/15E148 Safari/604.1, Host Name: magneto.local
2024-04-17 03:55:22,640 [websockets.py:_handle_identify()] - Websocket 281473440370896 Client Identified - Name: mainsail, Version: 2.5.1, Type: web
2024-04-17 03:55:39,719 [websockets.py:on_close()] - Websocket Closed: ID: 281473440370896 Close Code: 1001, Close Reason: WebSocket is closed due to suspension., Pong Time Elapsed: 7.08
2024-04-17 03:58:24,526 [app.py:log_request()] - 101 GET /websocket (192.168.7.238) [_TRUSTED_USER_] 5.37ms
2024-04-17 03:58:24,527 [websockets.py:open()] - Websocket Opened: ID: 281473441164496, Proxied: True, User Agent: Mozilla/5.0 (iPhone; CPU iPhone OS 17_4 like Mac OS X) AppleWebKit/605.1.15 (KHTML, like Gecko) CriOS/123.0.6312.52 Mobile/15E148 Safari/604.1, Host Name: magneto.local
2024-04-17 03:58:24,539 [websockets.py:_handle_identify()] - Websocket 281473441164496 Client Identified - Name: mainsail, Version: 2.5.1, Type: web
2024-04-17 03:59:40,699 [websockets.py:on_close()] - Websocket Closed: ID: 281473441164496 Close Code: 1001, Close Reason: WebSocket is closed due to suspension., Pong Time Elapsed: 6.16
2024-04-17 04:08:10,009 [app.py:log_request()] - 201 POST /server/files/upload (192.168.4.70) [_TRUSTED_USER_] 17.70ms
2024-04-17 04:08:11,103 [klippy_connection.py:_on_connection_closed()] - Klippy Connection Removed
2024-04-17 04:08:11,169 [app.py:log_request()] - 404 GET /machine/device_power/devices (127.0.0.1) [No User] 4.69ms
2024-04-17 04:08:12,372 [klippy_connection.py:_do_connect()] - Klippy Connection Established
2024-04-17 04:08:14,523 [app.py:log_request()] - 404 GET /machine/device_power/devices (127.0.0.1) [No User] 4.88ms
2024-04-17 04:08:15,048 [file_manager.py:get_file_list()] - Updating File List <gcodes>...
2024-04-17 04:08:16,339 [klippy_connection.py:_request_initial_subscriptions()] - Webhooks Subscribed
2024-04-17 04:08:16,345 [klippy_connection.py:_request_initial_subscriptions()] - GCode Output Subscribed
2024-04-17 04:08:16,588 [job_state.py:_handle_started()] - Job state initialized: standby
2024-04-17 04:08:16,875 [klippy_connection.py:_check_ready()] - Klippy ready
2024-04-17 04:08:17,361 [data_store.py:_init_sensors()] - Configuring available sensors: ['heater_bed', 'temperature_fan pi', 'extruder']
2024-04-17 04:08:46,781 [websockets.py:on_close()] - Websocket Closed: ID: 281473478385520 Close Code: 1001, Close Reason: None, Pong Time Elapsed: 4.02
2024-04-17 04:08:47,255 [app.py:log_request()] - 101 GET /websocket (192.168.4.70) [_TRUSTED_USER_] 4.72ms
2024-04-17 04:08:47,256 [websockets.py:open()] - Websocket Opened: ID: 281473478384128, Proxied: True, User Agent: BBL-Slicer/v01.08.04.51 (dark) Mozilla/5.0 (Macintosh; Intel Mac OS X 10_15_7) AppleWebKit/605.1.15 (KHTML, like Gecko), Host Name: magneto.local
2024-04-17 04:08:47,271 [websockets.py:_handle_identify()] - Websocket 281473478384128 Client Identified - Name: mainsail, Version: 2.5.1, Type: web
2024-04-17 04:09:44,104 [shell_command.py:run_with_response()] - /home/pi/moonraker-env/bin/python: Object Processing is enabled
INFO:prepropress_cancellation:Shapely not found, complex hulls disabled
Performing Object Processing on file: Cali-Dragon_v1_PLA_41m14s.gcode, sliced by OrcaSlicer

2024-04-17 04:09:44,104 [shell_command.py:_check_proc_success()] - Command (/home/pi/moonraker-env/bin/python /home/pi/moonraker/moonraker/components/file_manager/metadata.py -p /home/pi/printer_data/gcodes -f "Cali-Dragon_v1_PLA_41m14s.gcode" --check-objects) successfully finished
2024-04-17 04:09:44,152 [app.py:log_request()] - 201 POST /api/files/local (192.168.4.70) [_TRUSTED_USER_] 12042.48ms
2024-04-17 04:09:44,177 [common.py:build_error()] - JSON-RPC Request Error: -32601
Metadata not available for <.thumbs/Cali-Dragon_v1_PLA_41m14s-300x300.png>
Traceback (most recent call last):
  File "/home/pi/moonraker/moonraker/common.py", line 541, in execute_method
    result = await callback(params)
  File "/home/pi/moonraker/moonraker/websockets.py", line 113, in func
    result = await callback(
  File "/home/pi/moonraker/moonraker/components/file_manager/file_manager.py", line 381, in _handle_metadata_request
    raise self.server.error(
moonraker.utils.ServerError: Metadata not available for <.thumbs/Cali-Dragon_v1_PLA_41m14s-300x300.png>
2024-04-17 04:09:44,179 [common.py:build_error()] - JSON-RPC Request Error: -32601
Metadata not available for <.thumbs/Cali-Dragon_v1_PLA_41m14s-32x32.png>
Traceback (most recent call last):
  File "/home/pi/moonraker/moonraker/common.py", line 541, in execute_method
    result = await callback(params)
  File "/home/pi/moonraker/moonraker/websockets.py", line 113, in func
    result = await callback(
  File "/home/pi/moonraker/moonraker/components/file_manager/file_manager.py", line 381, in _handle_metadata_request
    raise self.server.error(
moonraker.utils.ServerError: Metadata not available for <.thumbs/Cali-Dragon_v1_PLA_41m14s-32x32.png>
2024-04-17 04:09:44,390 [job_state.py:_status_update()] - Job Started: Cali-Dragon_v1_PLA_41m14s.gcode
2024-04-17 04:12:27,732 [app.py:log_request()] - 101 GET /websocket (192.168.7.238) [_TRUSTED_USER_] 5.02ms
2024-04-17 04:12:27,733 [websockets.py:open()] - Websocket Opened: ID: 281473441543504, Proxied: True, User Agent: Mozilla/5.0 (iPhone; CPU iPhone OS 17_4 like Mac OS X) AppleWebKit/605.1.15 (KHTML, like Gecko) CriOS/123.0.6312.52 Mobile/15E148 Safari/604.1, Host Name: magneto.local
2024-04-17 04:12:27,745 [websockets.py:_handle_identify()] - Websocket 281473441543504 Client Identified - Name: mainsail, Version: 2.5.1, Type: web
2024-04-17 04:16:00,122 [websockets.py:on_close()] - Websocket Closed: ID: 281473441543504 Close Code: 1001, Close Reason: WebSocket is closed due to suspension., Pong Time Elapsed: 2.29
2024-04-17 04:26:28,138 [app.py:log_request()] - 201 POST /server/files/upload (192.168.4.70) [_TRUSTED_USER_] 21.84ms
2024-04-17 04:48:23,632 [websockets.py:on_close()] - Websocket Closed: ID: 281473442078000 Close Code: 1001, Close Reason: None, Pong Time Elapsed: 5.89
2024-04-17 04:48:36,740 [app.py:log_request()] - 101 GET /websocket (192.168.4.70) [_TRUSTED_USER_] 4.72ms
2024-04-17 04:48:36,741 [websockets.py:open()] - Websocket Opened: ID: 281473442077664, Proxied: True, User Agent: Mozilla/5.0 (Macintosh; Intel Mac OS X 10_15_7) AppleWebKit/537.36 (KHTML, like Gecko) Chrome/123.0.0.0 Safari/537.36, Host Name: magneto.local
2024-04-17 04:48:36,753 [websockets.py:_handle_identify()] - Websocket 281473442077664 Client Identified - Name: mainsail, Version: 2.5.1, Type: web
2024-04-17 04:51:11,407 [websockets.py:on_close()] - Websocket Closed: ID: 281473478384128 Close Code: None, Close Reason: None, Pong Time Elapsed: 14.14
2024-04-17 04:51:12,029 [app.py:log_request()] - 101 GET /websocket (192.168.4.70) [_TRUSTED_USER_] 5.02ms
2024-04-17 04:51:12,030 [websockets.py:open()] - Websocket Opened: ID: 281473440299952, Proxied: True, User Agent: BBL-Slicer/v01.08.04.51 (dark) Mozilla/5.0 (Macintosh; Intel Mac OS X 10_15_7) AppleWebKit/605.1.15 (KHTML, like Gecko), Host Name: magneto.local
2024-04-17 04:51:12,096 [websockets.py:_handle_identify()] - Websocket 281473440299952 Client Identified - Name: mainsail, Version: 2.5.1, Type: web
2024-04-17 04:51:36,954 [websockets.py:write_to_socket()] - Websocket closed while writing: 281473442077664
2024-04-17 04:51:37,957 [websockets.py:write_to_socket()] - Websocket closed while writing: 281473452396304
2024-04-17 04:51:41,745 [websockets.py:on_close()] - Websocket Closed: ID: 281473442077664 Close Code: None, Close Reason: None, Pong Time Elapsed: 44.97
2024-04-17 04:51:42,818 [app.py:log_request()] - 101 GET /websocket (192.168.4.70) [_TRUSTED_USER_] 4.85ms
2024-04-17 04:51:42,819 [websockets.py:open()] - Websocket Opened: ID: 281473440741696, Proxied: True, User Agent: Mozilla/5.0 (Macintosh; Intel Mac OS X 10_15_7) AppleWebKit/537.36 (KHTML, like Gecko) Chrome/123.0.0.0 Safari/537.36, Host Name: magneto.local
2024-04-17 04:51:42,833 [websockets.py:on_close()] - Websocket Closed: ID: 281473452396304 Close Code: None, Close Reason: None, Pong Time Elapsed: 44.99
2024-04-17 04:51:42,850 [websockets.py:_handle_identify()] - Websocket 281473440741696 Client Identified - Name: mainsail, Version: 2.5.1, Type: web
2024-04-17 04:51:44,698 [app.py:log_request()] - 101 GET /websocket (192.168.4.70) [_TRUSTED_USER_] 4.72ms
2024-04-17 04:51:44,699 [websockets.py:open()] - Websocket Opened: ID: 281473440740448, Proxied: True, User Agent: Mozilla/5.0 (Macintosh; Intel Mac OS X 10_15_7) AppleWebKit/537.36 (KHTML, like Gecko) Chrome/123.0.0.0 Safari/537.36, Host Name: magneto.local
2024-04-17 04:51:44,715 [websockets.py:_handle_identify()] - Websocket 281473440740448 Client Identified - Name: mainsail, Version: 2.5.1, Type: web
2024-04-17 04:51:56,549 [app.py:log_request()] - 201 POST /server/files/upload (192.168.4.70) [_TRUSTED_USER_] 17.90ms
2024-04-17 05:02:09,972 [app.py:log_request()] - 201 POST /server/files/upload (192.168.4.70) [_TRUSTED_USER_] 26.29ms
2024-04-17 05:02:11,052 [klippy_connection.py:_on_connection_closed()] - Klippy Connection Removed
2024-04-17 05:02:11,113 [app.py:log_request()] - 404 GET /machine/device_power/devices (127.0.0.1) [No User] 4.39ms
2024-04-17 05:02:12,319 [klippy_connection.py:_do_connect()] - Klippy Connection Established
2024-04-17 05:02:14,532 [app.py:log_request()] - 404 GET /machine/device_power/devices (127.0.0.1) [No User] 4.93ms
2024-04-17 05:02:15,043 [file_manager.py:get_file_list()] - Updating File List <gcodes>...
2024-04-17 05:02:16,099 [klippy_connection.py:_request_initial_subscriptions()] - Webhooks Subscribed
2024-04-17 05:02:16,106 [klippy_connection.py:_request_initial_subscriptions()] - GCode Output Subscribed
2024-04-17 05:02:16,347 [job_state.py:_handle_started()] - Job state initialized: standby
2024-04-17 05:02:16,622 [klippy_connection.py:_check_ready()] - Klippy ready
2024-04-17 05:02:17,111 [data_store.py:_init_sensors()] - Configuring available sensors: ['heater_bed', 'temperature_fan pi', 'extruder']
2024-04-17 05:03:21,817 [app.py:log_request()] - 201 POST /server/files/upload (192.168.4.70) [_TRUSTED_USER_] 26.95ms
2024-04-17 05:03:22,900 [klippy_connection.py:_on_connection_closed()] - Klippy Connection Removed
2024-04-17 05:03:23,043 [app.py:log_request()] - 404 GET /machine/device_power/devices (127.0.0.1) [No User] 4.55ms
2024-04-17 05:03:24,168 [klippy_connection.py:_do_connect()] - Klippy Connection Established
2024-04-17 05:03:26,535 [app.py:log_request()] - 404 GET /machine/device_power/devices (127.0.0.1) [No User] 6.37ms
2024-04-17 05:03:27,052 [file_manager.py:get_file_list()] - Updating File List <gcodes>...
2024-04-17 05:03:28,120 [klippy_connection.py:_request_initial_subscriptions()] - Webhooks Subscribed
2024-04-17 05:03:28,129 [klippy_connection.py:_request_initial_subscriptions()] - GCode Output Subscribed
2024-04-17 05:03:28,368 [job_state.py:_handle_started()] - Job state initialized: standby
2024-04-17 05:03:28,642 [klippy_connection.py:_check_ready()] - Klippy ready
2024-04-17 05:03:29,131 [data_store.py:_init_sensors()] - Configuring available sensors: ['heater_bed', 'temperature_fan pi', 'extruder']
2024-04-17 05:14:28,505 [authorization.py:_prune_conn_handler()] - Trusted Connection Expired, IP: 192.168.7.238
2024-04-17 05:15:58,721 [klippy_connection.py:_on_connection_closed()] - Klippy Connection Removed
2024-04-17 05:15:58,791 [app.py:log_request()] - 404 GET /machine/device_power/devices (127.0.0.1) [No User] 5.35ms
2024-04-17 05:15:59,991 [klippy_connection.py:_do_connect()] - Klippy Connection Established
2024-04-17 05:16:02,528 [app.py:log_request()] - 404 GET /machine/device_power/devices (127.0.0.1) [No User] 4.10ms
2024-04-17 05:16:03,049 [file_manager.py:get_file_list()] - Updating File List <gcodes>...
2024-04-17 05:16:03,837 [klippy_connection.py:_request_initial_subscriptions()] - Webhooks Subscribed
2024-04-17 05:16:03,844 [klippy_connection.py:_request_initial_subscriptions()] - GCode Output Subscribed
2024-04-17 05:16:04,087 [job_state.py:_handle_started()] - Job state initialized: standby
2024-04-17 05:16:04,366 [klippy_connection.py:_check_ready()] - Klippy ready
2024-04-17 05:16:04,849 [data_store.py:_init_sensors()] - Configuring available sensors: ['heater_bed', 'temperature_fan pi', 'extruder']
2024-04-17 05:17:01,712 [shell_command.py:run_with_response()] - /home/pi/moonraker-env/bin/python: Object Processing is enabled
INFO:prepropress_cancellation:Shapely not found, complex hulls disabled
Performing Object Processing on file: part (1) (1) (1) (2)_PLA_1h31m.gcode, sliced by OrcaSlicer

2024-04-17 05:17:01,713 [shell_command.py:_check_proc_success()] - Command (/home/pi/moonraker-env/bin/python /home/pi/moonraker/moonraker/components/file_manager/metadata.py -p /home/pi/printer_data/gcodes -f "part (1) (1) (1) (2)_PLA_1h31m.gcode" --check-objects) successfully finished
2024-04-17 05:17:01,759 [app.py:log_request()] - 201 POST /api/files/local (192.168.4.70) [_TRUSTED_USER_] 19448.79ms
2024-04-17 05:17:01,787 [common.py:build_error()] - JSON-RPC Request Error: -32601
Metadata not available for <.thumbs/part (1) (1) (1) (2)_PLA_1h31m-300x300.png>
Traceback (most recent call last):
  File "/home/pi/moonraker/moonraker/common.py", line 541, in execute_method
    result = await callback(params)
  File "/home/pi/moonraker/moonraker/websockets.py", line 113, in func
    result = await callback(
  File "/home/pi/moonraker/moonraker/components/file_manager/file_manager.py", line 381, in _handle_metadata_request
    raise self.server.error(
moonraker.utils.ServerError: Metadata not available for <.thumbs/part (1) (1) (1) (2)_PLA_1h31m-300x300.png>
2024-04-17 05:17:01,825 [common.py:build_error()] - JSON-RPC Request Error: -32601
Metadata not available for <.thumbs/part (1) (1) (1) (2)_PLA_1h31m-32x32.png>
Traceback (most recent call last):
  File "/home/pi/moonraker/moonraker/common.py", line 541, in execute_method
    result = await callback(params)
  File "/home/pi/moonraker/moonraker/websockets.py", line 113, in func
    result = await callback(
  File "/home/pi/moonraker/moonraker/components/file_manager/file_manager.py", line 381, in _handle_metadata_request
    raise self.server.error(
moonraker.utils.ServerError: Metadata not available for <.thumbs/part (1) (1) (1) (2)_PLA_1h31m-32x32.png>
2024-04-17 05:17:01,829 [job_state.py:_status_update()] - Job Started: part (1) (1) (1) (2)_PLA_1h31m.gcode
2024-04-17 05:17:39,931 [klippy_connection.py:_process_status_update()] - Klippy has shutdown
2024-04-17 05:17:39,962 [proc_stats.py:_handle_shutdown()] - 
Moonraker System Usage Statistics:
System Time: 1713331030.573440, Usage: 5.19%, Memory: 40428 kB
System Time: 1713331031.583016, Usage: 5.43%, Memory: 40428 kB
System Time: 1713331032.579457, Usage: 6.64%, Memory: 40428 kB
System Time: 1713331033.580256, Usage: 5.52%, Memory: 40428 kB
System Time: 1713331034.584140, Usage: 5.51%, Memory: 40428 kB
System Time: 1713331035.585234, Usage: 5.53%, Memory: 40428 kB
System Time: 1713331036.589917, Usage: 5.46%, Memory: 40428 kB
System Time: 1713331037.592466, Usage: 7.02%, Memory: 40428 kB
System Time: 1713331038.595297, Usage: 5.11%, Memory: 40428 kB
System Time: 1713331039.596986, Usage: 5.1%, Memory: 40428 kB
System Time: 1713331040.600924, Usage: 5.41%, Memory: 40428 kB
System Time: 1713331041.602633, Usage: 5.08%, Memory: 40428 kB
System Time: 1713331042.615144, Usage: 5.69%, Memory: 40428 kB
System Time: 1713331043.610943, Usage: 6.05%, Memory: 40428 kB
System Time: 1713331044.614675, Usage: 5.21%, Memory: 40428 kB
System Time: 1713331045.612819, Usage: 6.55%, Memory: 40428 kB
System Time: 1713331046.616176, Usage: 5.0%, Memory: 40428 kB
System Time: 1713331047.619744, Usage: 7.45%, Memory: 40428 kB
System Time: 1713331048.620550, Usage: 5.61%, Memory: 40428 kB
System Time: 1713331049.627768, Usage: 5.99%, Memory: 40428 kB
System Time: 1713331050.628423, Usage: 5.47%, Memory: 40428 kB
System Time: 1713331051.640327, Usage: 5.42%, Memory: 40428 kB
System Time: 1713331052.635714, Usage: 6.19%, Memory: 40428 kB
System Time: 1713331053.637355, Usage: 5.31%, Memory: 40428 kB
System Time: 1713331054.638189, Usage: 5.8%, Memory: 40428 kB
System Time: 1713331055.641796, Usage: 5.81%, Memory: 40428 kB
System Time: 1713331056.641828, Usage: 25.02%, Memory: 40428 kB
System Time: 1713331057.644289, Usage: 6.48%, Memory: 40428 kB
System Time: 1713331058.645326, Usage: 5.14%, Memory: 40428 kB
System Time: 1713331059.646492, Usage: 5.15%, Memory: 40428 kB
CPU Temperature: 63.566
2024-04-17 05:17:50,843 [klippy_connection.py:_on_connection_closed()] - Klippy Connection Removed
2024-04-17 05:17:50,955 [app.py:log_request()] - 404 GET /machine/device_power/devices (127.0.0.1) [No User] 4.80ms
2024-04-17 05:17:52,116 [klippy_connection.py:_do_connect()] - Klippy Connection Established
2024-04-17 05:17:54,530 [app.py:log_request()] - 404 GET /machine/device_power/devices (127.0.0.1) [No User] 5.50ms
2024-04-17 05:17:55,049 [file_manager.py:get_file_list()] - Updating File List <gcodes>...
2024-04-17 05:17:55,849 [klippy_connection.py:_request_initial_subscriptions()] - Webhooks Subscribed
2024-04-17 05:17:55,852 [klippy_connection.py:_request_initial_subscriptions()] - GCode Output Subscribed
2024-04-17 05:17:56,098 [job_state.py:_handle_started()] - Job state initialized: standby
2024-04-17 05:17:56,369 [klippy_connection.py:_check_ready()] - Klippy ready
2024-04-17 05:17:56,863 [data_store.py:_init_sensors()] - Configuring available sensors: ['heater_bed', 'temperature_fan pi', 'extruder']
2024-04-17 05:19:00,594 [app.py:log_request()] - 201 POST /server/files/upload (192.168.4.70) [_TRUSTED_USER_] 27.42ms
2024-04-17 05:19:01,667 [klippy_connection.py:_on_connection_closed()] - Klippy Connection Removed
2024-04-17 05:19:01,730 [app.py:log_request()] - 404 GET /machine/device_power/devices (127.0.0.1) [No User] 4.43ms
2024-04-17 05:19:02,938 [klippy_connection.py:_do_connect()] - Klippy Connection Established
2024-04-17 05:19:05,524 [app.py:log_request()] - 404 GET /machine/device_power/devices (127.0.0.1) [No User] 4.09ms
2024-04-17 05:19:06,029 [file_manager.py:get_file_list()] - Updating File List <gcodes>...
2024-04-17 05:19:06,885 [klippy_connection.py:_request_initial_subscriptions()] - Webhooks Subscribed
2024-04-17 05:19:06,899 [klippy_connection.py:_request_initial_subscriptions()] - GCode Output Subscribed
2024-04-17 05:19:07,109 [job_state.py:_handle_started()] - Job state initialized: standby
2024-04-17 05:19:07,383 [klippy_connection.py:_check_ready()] - Klippy ready
2024-04-17 05:19:07,872 [data_store.py:_init_sensors()] - Configuring available sensors: ['heater_bed', 'temperature_fan pi', 'extruder']
2024-04-17 05:22:19,810 [app.py:log_request()] - 201 POST /server/files/upload (192.168.4.70) [_TRUSTED_USER_] 32.84ms
2024-04-17 05:22:20,882 [klippy_connection.py:_on_connection_closed()] - Klippy Connection Removed
2024-04-17 05:22:20,944 [app.py:log_request()] - 404 GET /machine/device_power/devices (127.0.0.1) [No User] 4.44ms
2024-04-17 05:22:22,150 [klippy_connection.py:_do_connect()] - Klippy Connection Established
2024-04-17 05:22:24,531 [app.py:log_request()] - 404 GET /machine/device_power/devices (127.0.0.1) [No User] 5.49ms
2024-04-17 05:22:25,046 [file_manager.py:get_file_list()] - Updating File List <gcodes>...
2024-04-17 05:22:25,849 [klippy_connection.py:_request_initial_subscriptions()] - Webhooks Subscribed
2024-04-17 05:22:25,853 [klippy_connection.py:_request_initial_subscriptions()] - GCode Output Subscribed
2024-04-17 05:22:26,100 [job_state.py:_handle_started()] - Job state initialized: standby
2024-04-17 05:22:26,370 [klippy_connection.py:_check_ready()] - Klippy ready
2024-04-17 05:22:26,859 [data_store.py:_init_sensors()] - Configuring available sensors: ['heater_bed', 'temperature_fan pi', 'extruder']
2024-04-17 05:22:34,143 [job_state.py:_status_update()] - Job Started: part (1) (1) (1) (2)_PLA_1h31m.gcode
2024-04-17 05:22:38,138 [klippy_connection.py:_process_status_update()] - Klippy has shutdown
2024-04-17 05:22:38,163 [proc_stats.py:_handle_shutdown()] - 
Moonraker System Usage Statistics:
System Time: 1713331328.229071, Usage: 8.09%, Memory: 40508 kB
System Time: 1713331329.229591, Usage: 4.67%, Memory: 40508 kB
System Time: 1713331330.242191, Usage: 5.63%, Memory: 40508 kB
System Time: 1713331331.244566, Usage: 6.91%, Memory: 40508 kB
System Time: 1713331332.248026, Usage: 7.48%, Memory: 40508 kB
System Time: 1713331333.243961, Usage: 6.24%, Memory: 40508 kB
System Time: 1713331334.244268, Usage: 4.62%, Memory: 40508 kB
System Time: 1713331335.257182, Usage: 6.57%, Memory: 40508 kB
System Time: 1713331336.259176, Usage: 7.09%, Memory: 40508 kB
System Time: 1713331337.263177, Usage: 6.98%, Memory: 40508 kB
System Time: 1713331338.260021, Usage: 8.15%, Memory: 40508 kB
System Time: 1713331339.260450, Usage: 4.53%, Memory: 40508 kB
System Time: 1713331340.262973, Usage: 11.97%, Memory: 40508 kB
System Time: 1713331341.261740, Usage: 8.1%, Memory: 40508 kB
System Time: 1713331342.283396, Usage: 12.29%, Memory: 40508 kB
System Time: 1713331343.268281, Usage: 5.03%, Memory: 40508 kB
System Time: 1713331344.269176, Usage: 4.1%, Memory: 40508 kB
System Time: 1713331345.271627, Usage: 22.2%, Memory: 40380 kB
System Time: 1713331346.271477, Usage: 15.26%, Memory: 40396 kB
System Time: 1713331347.272455, Usage: 34.03%, Memory: 40496 kB
System Time: 1713331348.273784, Usage: 10.33%, Memory: 40392 kB
System Time: 1713331349.274557, Usage: 4.4%, Memory: 40392 kB
System Time: 1713331350.280144, Usage: 4.88%, Memory: 40392 kB
System Time: 1713331351.281416, Usage: 9.45%, Memory: 40392 kB
System Time: 1713331352.278881, Usage: 6.36%, Memory: 40392 kB
System Time: 1713331353.280329, Usage: 4.66%, Memory: 40392 kB
System Time: 1713331354.339429, Usage: 15.06%, Memory: 40392 kB
System Time: 1713331355.298108, Usage: 32.59%, Memory: 40392 kB
System Time: 1713331356.299379, Usage: 4.88%, Memory: 40392 kB
System Time: 1713331357.300212, Usage: 4.76%, Memory: 40392 kB
CPU Temperature: 67.211
2024-04-17 05:22:47,975 [klippy_connection.py:_on_connection_closed()] - Klippy Connection Removed
2024-04-17 05:22:47,990 [common.py:build_error()] - JSON-RPC Request Error: 503
Klippy Host not connected
Traceback (most recent call last):
  File "/home/pi/moonraker/moonraker/common.py", line 541, in execute_method
    result = await callback(params)
  File "/home/pi/moonraker/moonraker/websockets.py", line 113, in func
    result = await callback(
  File "/home/pi/moonraker/moonraker/klippy_connection.py", line 512, in request
    raise ServerError("Klippy Host not connected", 503)
moonraker.utils.ServerError: Klippy Host not connected
2024-04-17 05:22:48,051 [app.py:log_request()] - 404 GET /machine/device_power/devices (127.0.0.1) [No User] 4.88ms
2024-04-17 05:22:49,245 [klippy_connection.py:_do_connect()] - Klippy Connection Established
2024-04-17 05:22:51,535 [app.py:log_request()] - 404 GET /machine/device_power/devices (127.0.0.1) [No User] 4.61ms
2024-04-17 05:22:52,044 [file_manager.py:get_file_list()] - Updating File List <gcodes>...
2024-04-17 05:22:53,103 [klippy_connection.py:_request_initial_subscriptions()] - Webhooks Subscribed
2024-04-17 05:22:53,107 [klippy_connection.py:_request_initial_subscriptions()] - GCode Output Subscribed
2024-04-17 05:22:53,354 [job_state.py:_handle_started()] - Job state initialized: standby
2024-04-17 05:22:53,623 [klippy_connection.py:_check_ready()] - Klippy ready
2024-04-17 05:22:54,136 [data_store.py:_init_sensors()] - Configuring available sensors: ['heater_bed', 'temperature_fan pi', 'extruder']
2024-04-17 05:24:14,328 [shell_command.py:run_with_response()] - /home/pi/moonraker-env/bin/python: Object Processing is enabled
INFO:prepropress_cancellation:Shapely not found, complex hulls disabled
Performing Object Processing on file: Test_Parts_PLA_1h31m.gcode, sliced by OrcaSlicer

2024-04-17 05:24:14,329 [shell_command.py:_check_proc_success()] - Command (/home/pi/moonraker-env/bin/python /home/pi/moonraker/moonraker/components/file_manager/metadata.py -p /home/pi/printer_data/gcodes -f "Test_Parts_PLA_1h31m.gcode" --check-objects) successfully finished
2024-04-17 05:24:14,374 [app.py:log_request()] - 201 POST /api/files/local (192.168.4.70) [_TRUSTED_USER_] 17369.51ms
2024-04-17 05:24:14,394 [job_state.py:_status_update()] - Job Started: Test_Parts_PLA_1h31m.gcode
2024-04-17 05:24:14,396 [common.py:build_error()] - JSON-RPC Request Error: -32601
Metadata not available for <.thumbs/Test_Parts_PLA_1h31m-300x300.png>
Traceback (most recent call last):
  File "/home/pi/moonraker/moonraker/common.py", line 541, in execute_method
    result = await callback(params)
  File "/home/pi/moonraker/moonraker/websockets.py", line 113, in func
    result = await callback(
  File "/home/pi/moonraker/moonraker/components/file_manager/file_manager.py", line 381, in _handle_metadata_request
    raise self.server.error(
moonraker.utils.ServerError: Metadata not available for <.thumbs/Test_Parts_PLA_1h31m-300x300.png>
2024-04-17 05:24:14,433 [common.py:build_error()] - JSON-RPC Request Error: -32601
Metadata not available for <.thumbs/Test_Parts_PLA_1h31m-32x32.png>
Traceback (most recent call last):
  File "/home/pi/moonraker/moonraker/common.py", line 541, in execute_method
    result = await callback(params)
  File "/home/pi/moonraker/moonraker/websockets.py", line 113, in func
    result = await callback(
  File "/home/pi/moonraker/moonraker/components/file_manager/file_manager.py", line 381, in _handle_metadata_request
    raise self.server.error(
moonraker.utils.ServerError: Metadata not available for <.thumbs/Test_Parts_PLA_1h31m-32x32.png>
2024-04-17 05:24:18,667 [klippy_connection.py:_process_status_update()] - Klippy has shutdown
2024-04-17 05:24:18,683 [proc_stats.py:_handle_shutdown()] - 
Moonraker System Usage Statistics:
System Time: 1713331429.432143, Usage: 4.35%, Memory: 41032 kB
System Time: 1713331430.432659, Usage: 4.91%, Memory: 41032 kB
System Time: 1713331431.433785, Usage: 4.43%, Memory: 41032 kB
System Time: 1713331432.439338, Usage: 6.2%, Memory: 41032 kB
System Time: 1713331433.442249, Usage: 7.21%, Memory: 41032 kB
System Time: 1713331434.444485, Usage: 7.12%, Memory: 41032 kB
System Time: 1713331435.438824, Usage: 6.2%, Memory: 41032 kB
System Time: 1713331436.440626, Usage: 4.44%, Memory: 41032 kB
System Time: 1713331437.455576, Usage: 48.45%, Memory: 41032 kB
System Time: 1713331438.445140, Usage: 71.85%, Memory: 41032 kB
System Time: 1713331439.445291, Usage: 5.3%, Memory: 41032 kB
System Time: 1713331440.445951, Usage: 4.8%, Memory: 41032 kB
System Time: 1713331441.447145, Usage: 4.63%, Memory: 41032 kB
System Time: 1713331442.448611, Usage: 5.11%, Memory: 41032 kB
System Time: 1713331443.449927, Usage: 5.08%, Memory: 41032 kB
System Time: 1713331444.451132, Usage: 5.87%, Memory: 41032 kB
System Time: 1713331445.452403, Usage: 10.23%, Memory: 41032 kB
System Time: 1713331446.453506, Usage: 4.79%, Memory: 41032 kB
System Time: 1713331447.454594, Usage: 4.75%, Memory: 41032 kB
System Time: 1713331448.456577, Usage: 6.29%, Memory: 41032 kB
System Time: 1713331449.457278, Usage: 4.48%, Memory: 41032 kB
System Time: 1713331450.458114, Usage: 4.93%, Memory: 41032 kB
System Time: 1713331451.458522, Usage: 5.29%, Memory: 41032 kB
System Time: 1713331452.461001, Usage: 5.46%, Memory: 41032 kB
System Time: 1713331453.461579, Usage: 5.42%, Memory: 41032 kB
System Time: 1713331454.466643, Usage: 24.01%, Memory: 41036 kB
System Time: 1713331455.466367, Usage: 39.05%, Memory: 41040 kB
System Time: 1713331456.465057, Usage: 5.25%, Memory: 41040 kB
System Time: 1713331457.470457, Usage: 5.06%, Memory: 41040 kB
System Time: 1713331458.468032, Usage: 7.3%, Memory: 41040 kB
CPU Temperature: 66.644
2024-04-17 05:24:28,115 [klippy_connection.py:_on_connection_closed()] - Klippy Connection Removed
2024-04-17 05:24:28,119 [common.py:build_error()] - JSON-RPC Request Error: 503
Klippy Host not connected
Traceback (most recent call last):
  File "/home/pi/moonraker/moonraker/common.py", line 541, in execute_method
    result = await callback(params)
  File "/home/pi/moonraker/moonraker/websockets.py", line 113, in func
    result = await callback(
  File "/home/pi/moonraker/moonraker/klippy_connection.py", line 512, in request
    raise ServerError("Klippy Host not connected", 503)
moonraker.utils.ServerError: Klippy Host not connected
2024-04-17 05:24:28,190 [app.py:log_request()] - 404 GET /machine/device_power/devices (127.0.0.1) [No User] 5.99ms
2024-04-17 05:24:29,390 [klippy_connection.py:_do_connect()] - Klippy Connection Established
2024-04-17 05:24:31,538 [app.py:log_request()] - 404 GET /machine/device_power/devices (127.0.0.1) [No User] 4.73ms
2024-04-17 05:24:32,032 [file_manager.py:get_file_list()] - Updating File List <gcodes>...
2024-04-17 05:24:33,103 [klippy_connection.py:_request_initial_subscriptions()] - Webhooks Subscribed
2024-04-17 05:24:33,112 [klippy_connection.py:_request_initial_subscriptions()] - GCode Output Subscribed
2024-04-17 05:24:33,351 [job_state.py:_handle_started()] - Job state initialized: standby
2024-04-17 05:24:33,621 [klippy_connection.py:_check_ready()] - Klippy ready
2024-04-17 05:24:34,113 [data_store.py:_init_sensors()] - Configuring available sensors: ['heater_bed', 'temperature_fan pi', 'extruder']
2024-04-17 05:30:32,042 [app.py:log_request()] - 201 POST /server/files/upload (192.168.4.70) [_TRUSTED_USER_] 26.35ms
2024-04-17 05:30:33,121 [klippy_connection.py:_on_connection_closed()] - Klippy Connection Removed
2024-04-17 05:30:33,182 [app.py:log_request()] - 404 GET /machine/device_power/devices (127.0.0.1) [No User] 4.36ms
2024-04-17 05:30:34,389 [klippy_connection.py:_do_connect()] - Klippy Connection Established
2024-04-17 05:30:36,523 [app.py:log_request()] - 404 GET /machine/device_power/devices (127.0.0.1) [No User] 4.51ms
2024-04-17 05:30:37,017 [file_manager.py:get_file_list()] - Updating File List <gcodes>...
2024-04-17 05:30:38,084 [klippy_connection.py:_request_initial_subscriptions()] - Webhooks Subscribed
2024-04-17 05:30:38,088 [klippy_connection.py:_request_initial_subscriptions()] - GCode Output Subscribed
2024-04-17 05:30:38,335 [job_state.py:_handle_started()] - Job state initialized: standby
2024-04-17 05:30:38,628 [klippy_connection.py:_check_ready()] - Klippy ready
2024-04-17 05:30:39,092 [data_store.py:_init_sensors()] - Configuring available sensors: ['heater_bed', 'temperature_fan pi', 'extruder']
2024-04-17 05:31:42,751 [app.py:log_request()] - 201 POST /server/files/upload (192.168.4.70) [_TRUSTED_USER_] 29.45ms
2024-04-17 05:31:43,845 [klippy_connection.py:_on_connection_closed()] - Klippy Connection Removed
2024-04-17 05:31:43,945 [app.py:log_request()] - 404 GET /machine/device_power/devices (127.0.0.1) [No User] 6.90ms
2024-04-17 05:31:45,118 [klippy_connection.py:_do_connect()] - Klippy Connection Established
2024-04-17 05:31:47,525 [app.py:log_request()] - 404 GET /machine/device_power/devices (127.0.0.1) [No User] 4.13ms
2024-04-17 05:31:48,028 [file_manager.py:get_file_list()] - Updating File List <gcodes>...
2024-04-17 05:31:48,833 [klippy_connection.py:_request_initial_subscriptions()] - Webhooks Subscribed
2024-04-17 05:31:48,839 [klippy_connection.py:_request_initial_subscriptions()] - GCode Output Subscribed
2024-04-17 05:31:49,081 [job_state.py:_handle_started()] - Job state initialized: standby
2024-04-17 05:31:49,356 [klippy_connection.py:_check_ready()] - Klippy ready
2024-04-17 05:31:49,843 [data_store.py:_init_sensors()] - Configuring available sensors: ['heater_bed', 'temperature_fan pi', 'extruder']
2024-04-17 05:31:56,610 [job_state.py:_status_update()] - Job Started: Test_Parts_PLA_1h31m.gcode
2024-04-17 05:33:09,740 [app.py:log_request()] - 201 POST /server/files/upload (192.168.4.70) [_TRUSTED_USER_] 23.76ms
2024-04-17 05:41:05,403 [websockets.py:on_close()] - Websocket Closed: ID: 281473440740448 Close Code: 1001, Close Reason: None, Pong Time Elapsed: 0.69
2024-04-17 05:41:10,916 [app.py:log_request()] - 101 GET /websocket (192.168.4.70) [_TRUSTED_USER_] 6.60ms
2024-04-17 05:41:10,918 [websockets.py:open()] - Websocket Opened: ID: 281473440742848, Proxied: True, User Agent: Mozilla/5.0 (Macintosh; Intel Mac OS X 10_15_7) AppleWebKit/537.36 (KHTML, like Gecko) Chrome/123.0.0.0 Safari/537.36, Host Name: magneto.local
2024-04-17 05:41:10,934 [websockets.py:_handle_identify()] - Websocket 281473440742848 Client Identified - Name: mainsail, Version: 2.5.1, Type: web
2024-04-17 05:41:55,177 [app.py:log_request()] - 201 POST /server/files/upload (192.168.4.70) [_TRUSTED_USER_] 16.83ms
2024-04-17 05:41:56,267 [klippy_connection.py:_on_connection_closed()] - Klippy Connection Removed
2024-04-17 05:41:56,368 [app.py:log_request()] - 404 GET /machine/device_power/devices (127.0.0.1) [No User] 7.07ms
2024-04-17 05:41:57,538 [klippy_connection.py:_do_connect()] - Klippy Connection Established
2024-04-17 05:41:59,528 [app.py:log_request()] - 404 GET /machine/device_power/devices (127.0.0.1) [No User] 4.16ms
2024-04-17 05:42:00,037 [file_manager.py:get_file_list()] - Updating File List <gcodes>...
2024-04-17 05:42:01,346 [klippy_connection.py:_request_initial_subscriptions()] - Webhooks Subscribed
2024-04-17 05:42:01,352 [klippy_connection.py:_request_initial_subscriptions()] - GCode Output Subscribed
2024-04-17 05:42:01,593 [job_state.py:_handle_started()] - Job state initialized: standby
2024-04-17 05:42:01,875 [klippy_connection.py:_check_ready()] - Klippy ready
2024-04-17 05:42:02,414 [data_store.py:_init_sensors()] - Configuring available sensors: ['heater_bed', 'temperature_fan pi', 'extruder']
2024-04-17 05:42:24,646 [app.py:log_request()] - 201 POST /server/files/upload (192.168.4.70) [_TRUSTED_USER_] 26.85ms
2024-04-17 05:42:25,716 [klippy_connection.py:_on_connection_closed()] - Klippy Connection Removed
2024-04-17 05:42:25,786 [app.py:log_request()] - 404 GET /machine/device_power/devices (127.0.0.1) [No User] 4.48ms
2024-04-17 05:42:26,984 [klippy_connection.py:_do_connect()] - Klippy Connection Established
2024-04-17 05:42:29,527 [app.py:log_request()] - 404 GET /machine/device_power/devices (127.0.0.1) [No User] 4.10ms
2024-04-17 05:42:30,031 [file_manager.py:get_file_list()] - Updating File List <gcodes>...
2024-04-17 05:42:30,868 [klippy_connection.py:_request_initial_subscriptions()] - Webhooks Subscribed
2024-04-17 05:42:30,873 [klippy_connection.py:_request_initial_subscriptions()] - GCode Output Subscribed
2024-04-17 05:42:31,144 [job_state.py:_handle_started()] - Job state initialized: standby
2024-04-17 05:42:31,404 [klippy_connection.py:_check_ready()] - Klippy ready
2024-04-17 05:42:31,878 [data_store.py:_init_sensors()] - Configuring available sensors: ['heater_bed', 'temperature_fan pi', 'extruder']
2024-04-17 05:42:37,141 [job_state.py:_status_update()] - Job Started: Test_Parts_PLA_1h31m.gcode
2024-04-17 06:44:28,536 [authorization.py:_prune_conn_handler()] - Trusted Connection Expired, IP: 192.168.4.70
2024-04-17 06:44:28,537 [authorization.py:_prune_conn_handler()] - Trusted Connection Expired, IP: 127.0.0.1
2024-04-17 11:35:01,182 [websockets.py:on_close()] - Websocket Closed: ID: 281473440299952 Close Code: 1001, Close Reason: None, Pong Time Elapsed: 9.00
2024-04-17 11:35:02,156 [authorization.py:_check_trusted_connection()] - Trusted Connection Detected, IP: 192.168.4.70
2024-04-17 11:35:02,159 [app.py:log_request()] - 101 GET /websocket (192.168.4.70) [_TRUSTED_USER_] 5.86ms
2024-04-17 11:35:02,160 [websockets.py:open()] - Websocket Opened: ID: 281473441151104, Proxied: True, User Agent: BBL-Slicer/v01.08.04.51 (dark) Mozilla/5.0 (Macintosh; Intel Mac OS X 10_15_7) AppleWebKit/605.1.15 (KHTML, like Gecko), Host Name: magneto.local
2024-04-17 11:35:02,579 [websockets.py:_handle_identify()] - Websocket 281473441151104 Client Identified - Name: mainsail, Version: 2.5.1, Type: web
2024-04-17 11:36:14,145 [shell_command.py:run_with_response()] - /home/pi/moonraker-env/bin/python: Object Processing is enabled
INFO:prepropress_cancellation:Shapely not found, complex hulls disabled
Performing Object Processing on file: OrcaCube_PLA_29m1s.gcode, sliced by OrcaSlicer

2024-04-17 11:36:14,145 [shell_command.py:_check_proc_success()] - Command (/home/pi/moonraker-env/bin/python /home/pi/moonraker/moonraker/components/file_manager/metadata.py -p /home/pi/printer_data/gcodes -f "OrcaCube_PLA_29m1s.gcode" --check-objects) successfully finished
2024-04-17 11:36:14,182 [app.py:log_request()] - 201 POST /api/files/local (192.168.4.70) [_TRUSTED_USER_] 10899.33ms
2024-04-17 11:36:14,207 [common.py:build_error()] - JSON-RPC Request Error: -32601
Metadata not available for <.thumbs/OrcaCube_PLA_29m1s-300x300.png>
Traceback (most recent call last):
  File "/home/pi/moonraker/moonraker/common.py", line 541, in execute_method
    result = await callback(params)
  File "/home/pi/moonraker/moonraker/websockets.py", line 113, in func
    result = await callback(
  File "/home/pi/moonraker/moonraker/components/file_manager/file_manager.py", line 381, in _handle_metadata_request
    raise self.server.error(
moonraker.utils.ServerError: Metadata not available for <.thumbs/OrcaCube_PLA_29m1s-300x300.png>
2024-04-17 11:36:14,209 [common.py:build_error()] - JSON-RPC Request Error: -32601
Metadata not available for <.thumbs/OrcaCube_PLA_29m1s-32x32.png>
Traceback (most recent call last):
  File "/home/pi/moonraker/moonraker/common.py", line 541, in execute_method
    result = await callback(params)
  File "/home/pi/moonraker/moonraker/websockets.py", line 113, in func
    result = await callback(
  File "/home/pi/moonraker/moonraker/components/file_manager/file_manager.py", line 381, in _handle_metadata_request
    raise self.server.error(
moonraker.utils.ServerError: Metadata not available for <.thumbs/OrcaCube_PLA_29m1s-32x32.png>
2024-04-17 11:36:14,358 [job_state.py:_status_update()] - Job Started: OrcaCube_PLA_29m1s.gcode
2024-04-17 11:52:41,747 [authorization.py:_check_trusted_connection()] - Trusted Connection Detected, IP: 192.168.7.238
2024-04-17 11:52:41,750 [app.py:log_request()] - 101 GET /websocket (192.168.7.238) [_TRUSTED_USER_] 5.64ms
2024-04-17 11:52:41,751 [websockets.py:open()] - Websocket Opened: ID: 281473478228432, Proxied: True, User Agent: Mozilla/5.0 (iPhone; CPU iPhone OS 17_4 like Mac OS X) AppleWebKit/605.1.15 (KHTML, like Gecko) CriOS/123.0.6312.52 Mobile/15E148 Safari/604.1, Host Name: magneto.local
2024-04-17 11:52:41,761 [websockets.py:_handle_identify()] - Websocket 281473478228432 Client Identified - Name: mainsail, Version: 2.5.1, Type: web
2024-04-17 11:53:28,356 [websockets.py:write_to_socket()] - Websocket closed while writing: 281473478228432
2024-04-17 11:53:28,358 [websockets.py:on_close()] - Websocket Closed: ID: 281473478228432 Close Code: None, Close Reason: None, Pong Time Elapsed: 6.59
2024-04-17 12:40:12,175 [websockets.py:on_close()] - Websocket Closed: ID: 281473440741696 Close Code: 1001, Close Reason: None, Pong Time Elapsed: 9.35
2024-04-17 12:40:14,968 [app.py:log_request()] - 101 GET /websocket (192.168.4.70) [_TRUSTED_USER_] 6.37ms
2024-04-17 12:40:14,970 [websockets.py:open()] - Websocket Opened: ID: 281473440177792, Proxied: True, User Agent: Mozilla/5.0 (Macintosh; Intel Mac OS X 10_15_7) AppleWebKit/537.36 (KHTML, like Gecko) Chrome/123.0.0.0 Safari/537.36, Host Name: magneto.local
2024-04-17 12:40:14,986 [websockets.py:_handle_identify()] - Websocket 281473440177792 Client Identified - Name: mainsail, Version: 2.5.1, Type: web
2024-04-17 12:40:42,406 [job_state.py:_status_update()] - Job Started: OrcaCube_PLA_29m1s.gcode
2024-04-17 12:54:28,676 [authorization.py:_prune_conn_handler()] - Trusted Connection Expired, IP: 192.168.7.238
2024-04-17 13:32:58,104 [shell_command.py:run_with_response()] - /home/pi/moonraker-env/bin/python: Object Processing is enabled
INFO:prepropress_cancellation:Shapely not found, complex hulls disabled
Performing Object Processing on file: OrcaCube_PLA_18m17s.gcode, sliced by OrcaSlicer

2024-04-17 13:32:58,105 [shell_command.py:_check_proc_success()] - Command (/home/pi/moonraker-env/bin/python /home/pi/moonraker/moonraker/components/file_manager/metadata.py -p /home/pi/printer_data/gcodes -f "OrcaCube_PLA_18m17s.gcode" --check-objects) successfully finished
2024-04-17 13:32:58,140 [app.py:log_request()] - 201 POST /api/files/local (192.168.4.70) [_TRUSTED_USER_] 5450.39ms
2024-04-17 13:32:58,165 [common.py:build_error()] - JSON-RPC Request Error: -32601
Metadata not available for <.thumbs/OrcaCube_PLA_18m17s-300x300.png>
Traceback (most recent call last):
  File "/home/pi/moonraker/moonraker/common.py", line 541, in execute_method
    result = await callback(params)
  File "/home/pi/moonraker/moonraker/websockets.py", line 113, in func
    result = await callback(
  File "/home/pi/moonraker/moonraker/components/file_manager/file_manager.py", line 381, in _handle_metadata_request
    raise self.server.error(
moonraker.utils.ServerError: Metadata not available for <.thumbs/OrcaCube_PLA_18m17s-300x300.png>
2024-04-17 13:32:58,185 [common.py:build_error()] - JSON-RPC Request Error: -32601
Metadata not available for <.thumbs/OrcaCube_PLA_18m17s-32x32.png>
Traceback (most recent call last):
  File "/home/pi/moonraker/moonraker/common.py", line 541, in execute_method
    result = await callback(params)
  File "/home/pi/moonraker/moonraker/websockets.py", line 113, in func
    result = await callback(
  File "/home/pi/moonraker/moonraker/components/file_manager/file_manager.py", line 381, in _handle_metadata_request
    raise self.server.error(
moonraker.utils.ServerError: Metadata not available for <.thumbs/OrcaCube_PLA_18m17s-32x32.png>
2024-04-17 13:32:58,208 [job_state.py:_status_update()] - Job Started: OrcaCube_PLA_18m17s.gcode
2024-04-17 14:34:28,704 [authorization.py:_prune_conn_handler()] - Trusted Connection Expired, IP: 192.168.4.70
2024-04-17 17:26:23,980 [authorization.py:_check_trusted_connection()] - Trusted Connection Detected, IP: 192.168.7.238
2024-04-17 17:26:23,984 [app.py:log_request()] - 101 GET /websocket (192.168.7.238) [_TRUSTED_USER_] 9.17ms
2024-04-17 17:26:23,986 [websockets.py:open()] - Websocket Opened: ID: 281473440277984, Proxied: True, User Agent: Mozilla/5.0 (iPhone; CPU iPhone OS 17_4 like Mac OS X) AppleWebKit/605.1.15 (KHTML, like Gecko) CriOS/123.0.6312.52 Mobile/15E148 Safari/604.1, Host Name: magneto.local
2024-04-17 17:26:24,004 [websockets.py:_handle_identify()] - Websocket 281473440277984 Client Identified - Name: mainsail, Version: 2.5.1, Type: web
2024-04-17 17:26:47,784 [websockets.py:on_close()] - Websocket Closed: ID: 281473440277984 Close Code: None, Close Reason: None, Pong Time Elapsed: 3.79
2024-04-17 17:28:18,176 [app.py:log_request()] - 101 GET /websocket (192.168.7.238) [_TRUSTED_USER_] 5.05ms
2024-04-17 17:28:18,177 [websockets.py:open()] - Websocket Opened: ID: 281473478343456, Proxied: True, User Agent: Mozilla/5.0 (iPhone; CPU iPhone OS 17_4 like Mac OS X) AppleWebKit/605.1.15 (KHTML, like Gecko) CriOS/123.0.6312.52 Mobile/15E148 Safari/604.1, Host Name: magneto.local
2024-04-17 17:28:18,341 [websockets.py:_handle_identify()] - Websocket 281473478343456 Client Identified - Name: mainsail, Version: 2.5.1, Type: web
2024-04-17 17:28:23,967 [websockets.py:on_close()] - Websocket Closed: ID: 281473478343456 Close Code: None, Close Reason: None, Pong Time Elapsed: 5.79
2024-04-17 18:08:57,597 [app.py:log_request()] - 101 GET /websocket (192.168.7.238) [_TRUSTED_USER_] 7.60ms
2024-04-17 18:08:57,598 [websockets.py:open()] - Websocket Opened: ID: 281473450725728, Proxied: True, User Agent: Mozilla/5.0 (iPhone; CPU iPhone OS 17_4 like Mac OS X) AppleWebKit/605.1.15 (KHTML, like Gecko) CriOS/123.0.6312.52 Mobile/15E148 Safari/604.1, Host Name: magneto.local
2024-04-17 18:08:57,915 [websockets.py:_handle_identify()] - Websocket 281473450725728 Client Identified - Name: mainsail, Version: 2.5.1, Type: web
2024-04-17 18:10:15,483 [websockets.py:on_close()] - Websocket Closed: ID: 281473450725728 Close Code: None, Close Reason: None, Pong Time Elapsed: 27.52
2024-04-17 18:10:15,740 [app.py:log_request()] - 101 GET /websocket (192.168.7.238) [_TRUSTED_USER_] 8.99ms
2024-04-17 18:10:15,742 [websockets.py:open()] - Websocket Opened: ID: 281473478343696, Proxied: True, User Agent: Mozilla/5.0 (iPhone; CPU iPhone OS 17_4 like Mac OS X) AppleWebKit/605.1.15 (KHTML, like Gecko) CriOS/123.0.6312.52 Mobile/15E148 Safari/604.1, Host Name: magneto.local
2024-04-17 18:10:16,737 [websockets.py:_handle_identify()] - Websocket 281473478343696 Client Identified - Name: mainsail, Version: 2.5.1, Type: web
2024-04-17 18:10:31,968 [websockets.py:on_close()] - Websocket Closed: ID: 281473478343696 Close Code: 1001, Close Reason: None, Pong Time Elapsed: 5.81
2024-04-17 18:10:32,483 [app.py:log_request()] - 101 GET /websocket (192.168.7.238) [_TRUSTED_USER_] 7.53ms
2024-04-17 18:10:32,484 [websockets.py:open()] - Websocket Opened: ID: 281473478343648, Proxied: True, User Agent: Mozilla/5.0 (iPhone; CPU iPhone OS 17_4 like Mac OS X) AppleWebKit/605.1.15 (KHTML, like Gecko) CriOS/123.0.6312.52 Mobile/15E148 Safari/604.1, Host Name: magneto.local
2024-04-17 18:10:32,652 [websockets.py:_handle_identify()] - Websocket 281473478343648 Client Identified - Name: mainsail, Version: 2.5.1, Type: web
2024-04-17 18:12:33,478 [shell_command.py:run_with_response()] - /home/pi/moonraker-env/bin/python: Object Processing is enabled
File 'Test_Parts_PLA_1h31m.gcode' currently supports cancellation, processing aborted

2024-04-17 18:12:33,479 [shell_command.py:_check_proc_success()] - Command (/home/pi/moonraker-env/bin/python /home/pi/moonraker/moonraker/components/file_manager/metadata.py -p /home/pi/printer_data/gcodes -f "Test_Parts_PLA_1h31m.gcode" --check-objects) successfully finished
2024-04-17 18:12:33,491 [app.py:log_request()] - 201 POST /server/files/upload (192.168.7.238) [_TRUSTED_USER_] 6363.97ms
2024-04-17 18:12:38,735 [job_state.py:_status_update()] - Job Started: Test_Parts_PLA_1h31m.gcode
2024-04-17 18:12:56,297 [websockets.py:on_close()] - Websocket Closed: ID: 281473478343648 Close Code: 1001, Close Reason: WebSocket is closed due to suspension., Pong Time Elapsed: 3.79
2024-04-17 19:14:28,804 [authorization.py:_prune_conn_handler()] - Trusted Connection Expired, IP: 192.168.7.238
2024-04-17 19:33:57,579 [authorization.py:_check_trusted_connection()] - Trusted Connection Detected, IP: 192.168.4.70
2024-04-17 19:35:22,328 [app.py:log_request()] - 201 POST /server/files/upload (192.168.4.70) [_TRUSTED_USER_] 17.94ms
